This is pdfTeX, Version 3.14159265-2.6-1.40.19 (MiKTeX 2.9.6840 64-bit) (preloaded format=pdflatex 2018.11.6)  8 JAN 2019 13:49
entering extended mode
**./mbd_04_heer_soukup.tex
(mbd_04_heer_soukup.tex
LaTeX2e <2018-04-01> patch level 5
("C:\Users\Ikarus\AppData\Local\Programs\MiKTeX 2.9\tex\latex\base\article.cls"
Document Class: article 2014/09/29 v1.4h Standard LaTeX document class
("C:\Users\Ikarus\AppData\Local\Programs\MiKTeX 2.9\tex\latex\base\size12.clo"
File: size12.clo 2014/09/29 v1.4h Standard LaTeX file (size option)
)
\c@part=\count80
\c@section=\count81
\c@subsection=\count82
\c@subsubsection=\count83
\c@paragraph=\count84
\c@subparagraph=\count85
\c@figure=\count86
\c@table=\count87
\abovecaptionskip=\skip41
\belowcaptionskip=\skip42
\bibindent=\dimen102
) (pkg/layout_online.sty
("C:\Users\Ikarus\AppData\Local\Programs\MiKTeX 2.9\tex\latex\base\inputenc.sty
"
Package: inputenc 2018/04/06 v1.3b Input encoding file
\inpenc@prehook=\toks14
\inpenc@posthook=\toks15
)
("C:\Users\Ikarus\AppData\Local\Programs\MiKTeX 2.9\tex\latex\base\fontenc.sty"
Package: fontenc 2017/04/05 v2.0i Standard LaTeX package
("C:\Users\Ikarus\AppData\Local\Programs\MiKTeX 2.9\tex\latex\base\t1enc.def"
File: t1enc.def 2017/04/05 v2.0i Standard LaTeX file
LaTeX Font Info:    Redeclaring font encoding T1 on input line 48.
)) ("C:\Users\Ikarus\AppData\Local\Programs\MiKTeX 2.9\tex\latex\base\textcomp.
sty"
Package: textcomp 2017/04/05 v2.0i Standard LaTeX package
Package textcomp Info: Sub-encoding information:
(textcomp)               5 = only ISO-Adobe without \textcurrency
(textcomp)               4 = 5 + \texteuro
(textcomp)               3 = 4 + \textohm
(textcomp)               2 = 3 + \textestimated + \textcurrency
(textcomp)               1 = TS1 - \textcircled - \t
(textcomp)               0 = TS1 (full)
(textcomp)             Font families with sub-encoding setting implement
(textcomp)             only a restricted character set as indicated.
(textcomp)             Family '?' is the default used for unknown fonts.
(textcomp)             See the documentation for details.
Package textcomp Info: Setting ? sub-encoding to TS1/1 on input line 79.
 ("C:\Users\Ikarus\AppData\Local\Programs\MiKTeX 2.9\tex\latex\base\ts1enc.def"
File: ts1enc.def 2001/06/05 v3.0e (jk/car/fm) Standard LaTeX file
Now handling font encoding TS1 ...
... processing UTF-8 mapping file for font encoding TS1
 ("C:\Users\Ikarus\AppData\Local\Programs\MiKTeX 2.9\tex\latex\base\ts1enc.dfu"
File: ts1enc.dfu 2018/04/05 v1.2c UTF-8 support for inputenc
   defining Unicode char U+00A2 (decimal 162)
   defining Unicode char U+00A3 (decimal 163)
   defining Unicode char U+00A4 (decimal 164)
   defining Unicode char U+00A5 (decimal 165)
   defining Unicode char U+00A6 (decimal 166)
   defining Unicode char U+00A7 (decimal 167)
   defining Unicode char U+00A8 (decimal 168)
   defining Unicode char U+00A9 (decimal 169)
   defining Unicode char U+00AA (decimal 170)
   defining Unicode char U+00AC (decimal 172)
   defining Unicode char U+00AE (decimal 174)
   defining Unicode char U+00AF (decimal 175)
   defining Unicode char U+00B0 (decimal 176)
   defining Unicode char U+00B1 (decimal 177)
   defining Unicode char U+00B2 (decimal 178)
   defining Unicode char U+00B3 (decimal 179)
   defining Unicode char U+00B4 (decimal 180)
   defining Unicode char U+00B5 (decimal 181)
   defining Unicode char U+00B6 (decimal 182)
   defining Unicode char U+00B7 (decimal 183)
   defining Unicode char U+00B9 (decimal 185)
   defining Unicode char U+00BA (decimal 186)
   defining Unicode char U+00BC (decimal 188)
   defining Unicode char U+00BD (decimal 189)
   defining Unicode char U+00BE (decimal 190)
   defining Unicode char U+00D7 (decimal 215)
   defining Unicode char U+00F7 (decimal 247)
   defining Unicode char U+0192 (decimal 402)
   defining Unicode char U+02C7 (decimal 711)
   defining Unicode char U+02D8 (decimal 728)
   defining Unicode char U+02DD (decimal 733)
   defining Unicode char U+0E3F (decimal 3647)
   defining Unicode char U+2016 (decimal 8214)
   defining Unicode char U+2020 (decimal 8224)
   defining Unicode char U+2021 (decimal 8225)
   defining Unicode char U+2022 (decimal 8226)
   defining Unicode char U+2030 (decimal 8240)
   defining Unicode char U+2031 (decimal 8241)
   defining Unicode char U+203B (decimal 8251)
   defining Unicode char U+203D (decimal 8253)
   defining Unicode char U+2044 (decimal 8260)
   defining Unicode char U+204E (decimal 8270)
   defining Unicode char U+2052 (decimal 8274)
   defining Unicode char U+20A1 (decimal 8353)
   defining Unicode char U+20A4 (decimal 8356)
   defining Unicode char U+20A6 (decimal 8358)
   defining Unicode char U+20A9 (decimal 8361)
   defining Unicode char U+20AB (decimal 8363)
   defining Unicode char U+20AC (decimal 8364)
   defining Unicode char U+20B1 (decimal 8369)
   defining Unicode char U+2103 (decimal 8451)
   defining Unicode char U+2116 (decimal 8470)
   defining Unicode char U+2117 (decimal 8471)
   defining Unicode char U+211E (decimal 8478)
   defining Unicode char U+2120 (decimal 8480)
   defining Unicode char U+2122 (decimal 8482)
   defining Unicode char U+2126 (decimal 8486)
   defining Unicode char U+2127 (decimal 8487)
   defining Unicode char U+212E (decimal 8494)
   defining Unicode char U+2190 (decimal 8592)
   defining Unicode char U+2191 (decimal 8593)
   defining Unicode char U+2192 (decimal 8594)
   defining Unicode char U+2193 (decimal 8595)
   defining Unicode char U+2329 (decimal 9001)
   defining Unicode char U+232A (decimal 9002)
   defining Unicode char U+2422 (decimal 9250)
   defining Unicode char U+25E6 (decimal 9702)
   defining Unicode char U+25EF (decimal 9711)
   defining Unicode char U+266A (decimal 9834)
   defining Unicode char U+FEFF (decimal 65279)
))
LaTeX Info: Redefining \oldstylenums on input line 334.
Package textcomp Info: Setting cmr sub-encoding to TS1/0 on input line 349.
Package textcomp Info: Setting cmss sub-encoding to TS1/0 on input line 350.
Package textcomp Info: Setting cmtt sub-encoding to TS1/0 on input line 351.
Package textcomp Info: Setting cmvtt sub-encoding to TS1/0 on input line 352.
Package textcomp Info: Setting cmbr sub-encoding to TS1/0 on input line 353.
Package textcomp Info: Setting cmtl sub-encoding to TS1/0 on input line 354.
Package textcomp Info: Setting ccr sub-encoding to TS1/0 on input line 355.
Package textcomp Info: Setting ptm sub-encoding to TS1/4 on input line 356.
Package textcomp Info: Setting pcr sub-encoding to TS1/4 on input line 357.
Package textcomp Info: Setting phv sub-encoding to TS1/4 on input line 358.
Package textcomp Info: Setting ppl sub-encoding to TS1/3 on input line 359.
Package textcomp Info: Setting pag sub-encoding to TS1/4 on input line 360.
Package textcomp Info: Setting pbk sub-encoding to TS1/4 on input line 361.
Package textcomp Info: Setting pnc sub-encoding to TS1/4 on input line 362.
Package textcomp Info: Setting pzc sub-encoding to TS1/4 on input line 363.
Package textcomp Info: Setting bch sub-encoding to TS1/4 on input line 364.
Package textcomp Info: Setting put sub-encoding to TS1/5 on input line 365.
Package textcomp Info: Setting uag sub-encoding to TS1/5 on input line 366.
Package textcomp Info: Setting ugq sub-encoding to TS1/5 on input line 367.
Package textcomp Info: Setting ul8 sub-encoding to TS1/4 on input line 368.
Package textcomp Info: Setting ul9 sub-encoding to TS1/4 on input line 369.
Package textcomp Info: Setting augie sub-encoding to TS1/5 on input line 370.
Package textcomp Info: Setting dayrom sub-encoding to TS1/3 on input line 371.
Package textcomp Info: Setting dayroms sub-encoding to TS1/3 on input line 372.

Package textcomp Info: Setting pxr sub-encoding to TS1/0 on input line 373.
Package textcomp Info: Setting pxss sub-encoding to TS1/0 on input line 374.
Package textcomp Info: Setting pxtt sub-encoding to TS1/0 on input line 375.
Package textcomp Info: Setting txr sub-encoding to TS1/0 on input line 376.
Package textcomp Info: Setting txss sub-encoding to TS1/0 on input line 377.
Package textcomp Info: Setting txtt sub-encoding to TS1/0 on input line 378.
Package textcomp Info: Setting lmr sub-encoding to TS1/0 on input line 379.
Package textcomp Info: Setting lmdh sub-encoding to TS1/0 on input line 380.
Package textcomp Info: Setting lmss sub-encoding to TS1/0 on input line 381.
Package textcomp Info: Setting lmssq sub-encoding to TS1/0 on input line 382.
Package textcomp Info: Setting lmvtt sub-encoding to TS1/0 on input line 383.
Package textcomp Info: Setting lmtt sub-encoding to TS1/0 on input line 384.
Package textcomp Info: Setting qhv sub-encoding to TS1/0 on input line 385.
Package textcomp Info: Setting qag sub-encoding to TS1/0 on input line 386.
Package textcomp Info: Setting qbk sub-encoding to TS1/0 on input line 387.
Package textcomp Info: Setting qcr sub-encoding to TS1/0 on input line 388.
Package textcomp Info: Setting qcs sub-encoding to TS1/0 on input line 389.
Package textcomp Info: Setting qpl sub-encoding to TS1/0 on input line 390.
Package textcomp Info: Setting qtm sub-encoding to TS1/0 on input line 391.
Package textcomp Info: Setting qzc sub-encoding to TS1/0 on input line 392.
Package textcomp Info: Setting qhvc sub-encoding to TS1/0 on input line 393.
Package textcomp Info: Setting futs sub-encoding to TS1/4 on input line 394.
Package textcomp Info: Setting futx sub-encoding to TS1/4 on input line 395.
Package textcomp Info: Setting futj sub-encoding to TS1/4 on input line 396.
Package textcomp Info: Setting hlh sub-encoding to TS1/3 on input line 397.
Package textcomp Info: Setting hls sub-encoding to TS1/3 on input line 398.
Package textcomp Info: Setting hlst sub-encoding to TS1/3 on input line 399.
Package textcomp Info: Setting hlct sub-encoding to TS1/5 on input line 400.
Package textcomp Info: Setting hlx sub-encoding to TS1/5 on input line 401.
Package textcomp Info: Setting hlce sub-encoding to TS1/5 on input line 402.
Package textcomp Info: Setting hlcn sub-encoding to TS1/5 on input line 403.
Package textcomp Info: Setting hlcw sub-encoding to TS1/5 on input line 404.
Package textcomp Info: Setting hlcf sub-encoding to TS1/5 on input line 405.
Package textcomp Info: Setting pplx sub-encoding to TS1/3 on input line 406.
Package textcomp Info: Setting pplj sub-encoding to TS1/3 on input line 407.
Package textcomp Info: Setting ptmx sub-encoding to TS1/4 on input line 408.
Package textcomp Info: Setting ptmj sub-encoding to TS1/4 on input line 409.
)
("C:\Users\Ikarus\AppData\Local\Programs\MiKTeX 2.9\tex\latex\lm\lmodern.sty"
Package: lmodern 2009/10/30 v1.6 Latin Modern Fonts
LaTeX Font Info:    Overwriting symbol font `operators' in version `normal'
(Font)                  OT1/cmr/m/n --> OT1/lmr/m/n on input line 22.
LaTeX Font Info:    Overwriting symbol font `letters' in version `normal'
(Font)                  OML/cmm/m/it --> OML/lmm/m/it on input line 23.
LaTeX Font Info:    Overwriting symbol font `symbols' in version `normal'
(Font)                  OMS/cmsy/m/n --> OMS/lmsy/m/n on input line 24.
LaTeX Font Info:    Overwriting symbol font `largesymbols' in version `normal'
(Font)                  OMX/cmex/m/n --> OMX/lmex/m/n on input line 25.
LaTeX Font Info:    Overwriting symbol font `operators' in version `bold'
(Font)                  OT1/cmr/bx/n --> OT1/lmr/bx/n on input line 26.
LaTeX Font Info:    Overwriting symbol font `letters' in version `bold'
(Font)                  OML/cmm/b/it --> OML/lmm/b/it on input line 27.
LaTeX Font Info:    Overwriting symbol font `symbols' in version `bold'
(Font)                  OMS/cmsy/b/n --> OMS/lmsy/b/n on input line 28.
LaTeX Font Info:    Overwriting symbol font `largesymbols' in version `bold'
(Font)                  OMX/cmex/m/n --> OMX/lmex/m/n on input line 29.
LaTeX Font Info:    Overwriting math alphabet `\mathbf' in version `normal'
(Font)                  OT1/cmr/bx/n --> OT1/lmr/bx/n on input line 31.
LaTeX Font Info:    Overwriting math alphabet `\mathsf' in version `normal'
(Font)                  OT1/cmss/m/n --> OT1/lmss/m/n on input line 32.
LaTeX Font Info:    Overwriting math alphabet `\mathit' in version `normal'
(Font)                  OT1/cmr/m/it --> OT1/lmr/m/it on input line 33.
LaTeX Font Info:    Overwriting math alphabet `\mathtt' in version `normal'
(Font)                  OT1/cmtt/m/n --> OT1/lmtt/m/n on input line 34.
LaTeX Font Info:    Overwriting math alphabet `\mathbf' in version `bold'
(Font)                  OT1/cmr/bx/n --> OT1/lmr/bx/n on input line 35.
LaTeX Font Info:    Overwriting math alphabet `\mathsf' in version `bold'
(Font)                  OT1/cmss/bx/n --> OT1/lmss/bx/n on input line 36.
LaTeX Font Info:    Overwriting math alphabet `\mathit' in version `bold'
(Font)                  OT1/cmr/bx/it --> OT1/lmr/bx/it on input line 37.
LaTeX Font Info:    Overwriting math alphabet `\mathtt' in version `bold'
(Font)                  OT1/cmtt/m/n --> OT1/lmtt/m/n on input line 38.
)
("C:\Users\Ikarus\AppData\Local\Programs\MiKTeX 2.9\tex\latex\psnfss\courier.st
y"
Package: courier 2005/04/12 PSNFSS-v9.2a (WaS) 
)
("C:\Users\Ikarus\AppData\Local\Programs\MiKTeX 2.9\tex\latex\titlesec\titlesec
.sty"
Package: titlesec 2016/03/21 v2.10.2 Sectioning titles
\ttl@box=\box26
\beforetitleunit=\skip43
\aftertitleunit=\skip44
\ttl@plus=\dimen103
\ttl@minus=\dimen104
\ttl@toksa=\toks16
\titlewidth=\dimen105
\titlewidthlast=\dimen106
\titlewidthfirst=\dimen107
)
("C:\Users\Ikarus\AppData\Local\Programs\MiKTeX 2.9\tex\latex\appendix\appendix
.sty"
Package: appendix 2009/09/02 v1.2b extra appendix facilities
\c@@pps=\count88
\c@@ppsavesec=\count89
\c@@ppsaveapp=\count90
)
("C:\Users\Ikarus\AppData\Local\Programs\MiKTeX 2.9\tex\latex\shorttoc\shorttoc
.sty"
Package: shorttoc 2002/08/20 v1.3 Short table of contents (JPFD)
)
("C:\Users\Ikarus\AppData\Local\Programs\MiKTeX 2.9\tex\latex\caption\caption.s
ty"
Package: caption 2018/10/06 v3.3-154 Customizing captions (AR)

("C:\Users\Ikarus\AppData\Local\Programs\MiKTeX 2.9\tex\latex\caption\caption3.
sty"
Package: caption3 2018/09/12 v1.8c caption3 kernel (AR)
Package caption3 Info: TeX engine: e-TeX on input line 64.

("C:\Users\Ikarus\AppData\Local\Programs\MiKTeX 2.9\tex\latex\graphics\keyval.s
ty"
Package: keyval 2014/10/28 v1.15 key=value parser (DPC)
\KV@toks@=\toks17
)
\captionmargin=\dimen108
\captionmargin@=\dimen109
\captionwidth=\dimen110
\caption@tempdima=\dimen111
\caption@indent=\dimen112
\caption@parindent=\dimen113
\caption@hangindent=\dimen114
)
\c@caption@flags=\count91
\c@ContinuedFloat=\count92
)
("C:\Users\Ikarus\AppData\Local\Programs\MiKTeX 2.9\tex\latex\xcolor\xcolor.sty
"
Package: xcolor 2016/05/11 v2.12 LaTeX color extensions (UK)

("C:\Users\Ikarus\AppData\Local\Programs\MiKTeX 2.9\tex\latex\graphics-cfg\colo
r.cfg"
File: color.cfg 2016/01/02 v1.6 sample color configuration
)
Package xcolor Info: Driver file: pdftex.def on input line 225.

("C:\Users\Ikarus\AppData\Local\Programs\MiKTeX 2.9\tex\latex\graphics-def\pdft
ex.def"
File: pdftex.def 2018/01/08 v1.0l Graphics/color driver for pdftex
)
("C:\Users\Ikarus\AppData\Local\Programs\MiKTeX 2.9\tex\latex\colortbl\colortbl
.sty"
Package: colortbl 2018/05/02 v1.0c Color table columns (DPC)

("C:\Users\Ikarus\AppData\Local\Programs\MiKTeX 2.9\tex\latex\tools\array.sty"
Package: array 2018/04/30 v2.4h Tabular extension package (FMi)
\col@sep=\dimen115
\ar@mcellbox=\box27
\extrarowheight=\dimen116
\NC@list=\toks18
\extratabsurround=\skip45
\backup@length=\skip46
\ar@cellbox=\box28
)
\everycr=\toks19
\minrowclearance=\skip47
)
\rownum=\count93
Package xcolor Info: Model `cmy' substituted by `cmy0' on input line 1348.
Package xcolor Info: Model `hsb' substituted by `rgb' on input line 1352.
Package xcolor Info: Model `RGB' extended on input line 1364.
Package xcolor Info: Model `HTML' substituted by `rgb' on input line 1366.
Package xcolor Info: Model `Hsb' substituted by `hsb' on input line 1367.
Package xcolor Info: Model `tHsb' substituted by `hsb' on input line 1368.
Package xcolor Info: Model `HSB' substituted by `hsb' on input line 1369.
Package xcolor Info: Model `Gray' substituted by `gray' on input line 1370.
Package xcolor Info: Model `wave' substituted by `hsb' on input line 1371.
)
("C:\Users\Ikarus\AppData\Local\Programs\MiKTeX 2.9\tex\generic\dvips\rotate.st
y"
\@rotdimen=\dimen117
\@rotbox=\box29
)
("C:\Users\Ikarus\AppData\Local\Programs\MiKTeX 2.9\tex\latex\tools\longtable.s
ty"
Package: longtable 2014/10/28 v4.11 Multi-page Table package (DPC)
\LTleft=\skip48
\LTright=\skip49
\LTpre=\skip50
\LTpost=\skip51
\LTchunksize=\count94
\LTcapwidth=\dimen118
\LT@head=\box30
\LT@firsthead=\box31
\LT@foot=\box32
\LT@lastfoot=\box33
\LT@cols=\count95
\LT@rows=\count96
\c@LT@tables=\count97
\c@LT@chunks=\count98
\LT@p@ftn=\toks20
)
("C:\Users\Ikarus\AppData\Local\Programs\MiKTeX 2.9\tex\latex\multirow\multirow
.sty"
Package: multirow 2018/08/03 v2.3 Span multiple rows of a table
\multirow@colwidth=\skip52
\multirow@cntb=\count99
\multirow@dima=\skip53
\bigstrutjot=\dimen119
)
("C:\Users\Ikarus\AppData\Local\Programs\MiKTeX 2.9\tex\latex\csvsimple\csvsimp
le.sty"
Package: csvsimple 2016/07/01 version 1.20 LaTeX CSV file processing

("C:\Users\Ikarus\AppData\Local\Programs\MiKTeX 2.9\tex\latex\pgf\utilities\pgf
keys.sty"
("C:\Users\Ikarus\AppData\Local\Programs\MiKTeX 2.9\tex\generic\pgf\utilities\p
gfkeys.code.tex"
\pgfkeys@pathtoks=\toks21
\pgfkeys@temptoks=\toks22

("C:\Users\Ikarus\AppData\Local\Programs\MiKTeX 2.9\tex\generic\pgf\utilities\p
gfkeysfiltered.code.tex"
\pgfkeys@tmptoks=\toks23
)))
("C:\Users\Ikarus\AppData\Local\Programs\MiKTeX 2.9\tex\latex\base\ifthen.sty"
Package: ifthen 2014/09/29 v1.1c Standard LaTeX ifthen package (DPC)
)
("C:\Users\Ikarus\AppData\Local\Programs\MiKTeX 2.9\tex\latex\etoolbox\etoolbox
.sty"
Package: etoolbox 2018/08/19 v2.5f e-TeX tools for LaTeX (JAW)
\etb@tempcnta=\count100
)
("C:\Users\Ikarus\AppData\Local\Programs\MiKTeX 2.9\tex\latex\tools\shellesc.st
y"
Package: shellesc 2016/06/07 v0.02a unified shell escape interface for LaTeX
Package shellesc Info: Restricted shell escape enabled on input line 69.
)
\csv@file=\read1
\c@csvinputline=\count101
\c@csvrow=\count102
\c@csvcol=\count103
\csv@out=\write3
)
("C:\Users\Ikarus\AppData\Local\Programs\MiKTeX 2.9\tex\generic\babel\babel.sty
"
Package: babel 2018/09/26 3.24 The Babel package

("C:\Users\Ikarus\AppData\Local\Programs\MiKTeX 2.9\tex\generic\babel\switch.de
f"
File: switch.def 2018/09/26 3.24 Babel switching mechanism
)
*************************************
* Local config file bblopts.cfg used
*
("C:\Users\Ikarus\AppData\Local\Programs\MiKTeX 2.9\tex\latex\arabi\bblopts.cfg
"
File: bblopts.cfg 2005/09/08 v0.1 add Arabic and Farsi to "declared" options of
 babel
)
("C:\Users\Ikarus\AppData\Local\Programs\MiKTeX 2.9\tex\latex\babel-english\eng
lish.ldf"
Language: english 2017/06/06 v3.3r English support from the babel system

("C:\Users\Ikarus\AppData\Local\Programs\MiKTeX 2.9\tex\generic\babel\babel.def
"
File: babel.def 2018/09/26 3.24 Babel common definitions
\babel@savecnt=\count104
\U@D=\dimen120

("C:\Users\Ikarus\AppData\Local\Programs\MiKTeX 2.9\tex\generic\babel\txtbabel.
def")
\bbl@dirlevel=\count105
)
\l@canadian = a dialect from \language\l@american 
\l@australian = a dialect from \language\l@british 
\l@newzealand = a dialect from \language\l@british 
)
("C:\Users\Ikarus\AppData\Local\Programs\MiKTeX 2.9\tex\latex\babel-german\nger
man.ldf"
Language: ngerman 2018/03/29 v2.10 German support for babel (post-1996 orthogra
phy)

("C:\Users\Ikarus\AppData\Local\Programs\MiKTeX 2.9\tex\latex\babel-german\nger
manb.ldf"
Language: ngermanb 2018/03/29 v2.10 German support for babel (post-1996 orthogr
aphy)
Package babel Info: Making " an active character on input line 121.
)))
("C:\Users\Ikarus\AppData\Local\Programs\MiKTeX 2.9\tex\latex\babelbib\babelbib
.sty"
Package: babelbib 2012/01/03 v1.31 babelbib: multilingual bibliographies (HH)
\c@btxromaniannumeral=\count106
)

Package babelbib Warning: Command \selectbiblanguage used without package
(babelbib)                option fixlanguage. Ignored on input line 35.


("C:\Users\Ikarus\AppData\Local\Programs\MiKTeX 2.9\tex\latex\pgf\basiclayer\pg
f.sty"
("C:\Users\Ikarus\AppData\Local\Programs\MiKTeX 2.9\tex\latex\pgf\utilities\pgf
rcs.sty"
("C:\Users\Ikarus\AppData\Local\Programs\MiKTeX 2.9\tex\generic\pgf\utilities\p
gfutil-common.tex"
\pgfutil@everybye=\toks24
\pgfutil@tempdima=\dimen121
\pgfutil@tempdimb=\dimen122

("C:\Users\Ikarus\AppData\Local\Programs\MiKTeX 2.9\tex\generic\pgf\utilities\p
gfutil-common-lists.tex"))
("C:\Users\Ikarus\AppData\Local\Programs\MiKTeX 2.9\tex\generic\pgf\utilities\p
gfutil-latex.def"
\pgfutil@abb=\box34

("C:\Users\Ikarus\AppData\Local\Programs\MiKTeX 2.9\tex\latex\ms\everyshi.sty"
Package: everyshi 2001/05/15 v3.00 EveryShipout Package (MS)
))
("C:\Users\Ikarus\AppData\Local\Programs\MiKTeX 2.9\tex\generic\pgf\utilities\p
gfrcs.code.tex"
Package: pgfrcs 2015/08/07 v3.0.1a (rcs-revision 1.31)
))
Package: pgf 2015/08/07 v3.0.1a (rcs-revision 1.15)

("C:\Users\Ikarus\AppData\Local\Programs\MiKTeX 2.9\tex\latex\pgf\basiclayer\pg
fcore.sty"
("C:\Users\Ikarus\AppData\Local\Programs\MiKTeX 2.9\tex\latex\graphics\graphicx
.sty"
Package: graphicx 2017/06/01 v1.1a Enhanced LaTeX Graphics (DPC,SPQR)

("C:\Users\Ikarus\AppData\Local\Programs\MiKTeX 2.9\tex\latex\graphics\graphics
.sty"
Package: graphics 2017/06/25 v1.2c Standard LaTeX Graphics (DPC,SPQR)

("C:\Users\Ikarus\AppData\Local\Programs\MiKTeX 2.9\tex\latex\graphics\trig.sty
"
Package: trig 2016/01/03 v1.10 sin cos tan (DPC)
)
("C:\Users\Ikarus\AppData\Local\Programs\MiKTeX 2.9\tex\latex\graphics-cfg\grap
hics.cfg"
File: graphics.cfg 2016/06/04 v1.11 sample graphics configuration
)
Package graphics Info: Driver file: pdftex.def on input line 99.
)
\Gin@req@height=\dimen123
\Gin@req@width=\dimen124
)
("C:\Users\Ikarus\AppData\Local\Programs\MiKTeX 2.9\tex\latex\pgf\systemlayer\p
gfsys.sty"
("C:\Users\Ikarus\AppData\Local\Programs\MiKTeX 2.9\tex\generic\pgf\systemlayer
\pgfsys.code.tex"
Package: pgfsys 2014/07/09 v3.0.1a (rcs-revision 1.48)

("C:\Users\Ikarus\AppData\Local\Programs\MiKTeX 2.9\tex\generic\pgf\utilities\p
gfkeys.code.tex")
\pgf@x=\dimen125
\pgf@y=\dimen126
\pgf@xa=\dimen127
\pgf@ya=\dimen128
\pgf@xb=\dimen129
\pgf@yb=\dimen130
\pgf@xc=\dimen131
\pgf@yc=\dimen132
\w@pgf@writea=\write4
\r@pgf@reada=\read2
\c@pgf@counta=\count107
\c@pgf@countb=\count108
\c@pgf@countc=\count109
\c@pgf@countd=\count110
\t@pgf@toka=\toks25
\t@pgf@tokb=\toks26
\t@pgf@tokc=\toks27

("C:\Users\Ikarus\AppData\Local\Programs\MiKTeX 2.9\tex\generic\pgf\systemlayer
\pgf.cfg"
File: pgf.cfg 2008/05/14  (rcs-revision 1.7)
)
Driver file for pgf: pgfsys-pdftex.def

("C:\Users\Ikarus\AppData\Local\Programs\MiKTeX 2.9\tex\generic\pgf\systemlayer
\pgfsys-pdftex.def"
File: pgfsys-pdftex.def 2014/10/11  (rcs-revision 1.35)

("C:\Users\Ikarus\AppData\Local\Programs\MiKTeX 2.9\tex\generic\pgf\systemlayer
\pgfsys-common-pdf.def"
File: pgfsys-common-pdf.def 2013/10/10  (rcs-revision 1.13)
)))
("C:\Users\Ikarus\AppData\Local\Programs\MiKTeX 2.9\tex\generic\pgf\systemlayer
\pgfsyssoftpath.code.tex"
File: pgfsyssoftpath.code.tex 2013/09/09  (rcs-revision 1.9)
\pgfsyssoftpath@smallbuffer@items=\count111
\pgfsyssoftpath@bigbuffer@items=\count112
)
("C:\Users\Ikarus\AppData\Local\Programs\MiKTeX 2.9\tex\generic\pgf\systemlayer
\pgfsysprotocol.code.tex"
File: pgfsysprotocol.code.tex 2006/10/16  (rcs-revision 1.4)
))
("C:\Users\Ikarus\AppData\Local\Programs\MiKTeX 2.9\tex\generic\pgf\basiclayer\
pgfcore.code.tex"
Package: pgfcore 2010/04/11 v3.0.1a (rcs-revision 1.7)

("C:\Users\Ikarus\AppData\Local\Programs\MiKTeX 2.9\tex\generic\pgf\math\pgfmat
h.code.tex"
("C:\Users\Ikarus\AppData\Local\Programs\MiKTeX 2.9\tex\generic\pgf\math\pgfmat
hcalc.code.tex"
("C:\Users\Ikarus\AppData\Local\Programs\MiKTeX 2.9\tex\generic\pgf\math\pgfmat
hutil.code.tex")
("C:\Users\Ikarus\AppData\Local\Programs\MiKTeX 2.9\tex\generic\pgf\math\pgfmat
hparser.code.tex"
\pgfmath@dimen=\dimen133
\pgfmath@count=\count113
\pgfmath@box=\box35
\pgfmath@toks=\toks28
\pgfmath@stack@operand=\toks29
\pgfmath@stack@operation=\toks30
)
("C:\Users\Ikarus\AppData\Local\Programs\MiKTeX 2.9\tex\generic\pgf\math\pgfmat
hfunctions.code.tex"
("C:\Users\Ikarus\AppData\Local\Programs\MiKTeX 2.9\tex\generic\pgf\math\pgfmat
hfunctions.basic.code.tex")
("C:\Users\Ikarus\AppData\Local\Programs\MiKTeX 2.9\tex\generic\pgf\math\pgfmat
hfunctions.trigonometric.code.tex")
("C:\Users\Ikarus\AppData\Local\Programs\MiKTeX 2.9\tex\generic\pgf\math\pgfmat
hfunctions.random.code.tex")
("C:\Users\Ikarus\AppData\Local\Programs\MiKTeX 2.9\tex\generic\pgf\math\pgfmat
hfunctions.comparison.code.tex")
("C:\Users\Ikarus\AppData\Local\Programs\MiKTeX 2.9\tex\generic\pgf\math\pgfmat
hfunctions.base.code.tex")
("C:\Users\Ikarus\AppData\Local\Programs\MiKTeX 2.9\tex\generic\pgf\math\pgfmat
hfunctions.round.code.tex")
("C:\Users\Ikarus\AppData\Local\Programs\MiKTeX 2.9\tex\generic\pgf\math\pgfmat
hfunctions.misc.code.tex")
("C:\Users\Ikarus\AppData\Local\Programs\MiKTeX 2.9\tex\generic\pgf\math\pgfmat
hfunctions.integerarithmetics.code.tex")))
("C:\Users\Ikarus\AppData\Local\Programs\MiKTeX 2.9\tex\generic\pgf\math\pgfmat
hfloat.code.tex"
\c@pgfmathroundto@lastzeros=\count114
))
("C:\Users\Ikarus\AppData\Local\Programs\MiKTeX 2.9\tex\generic\pgf\basiclayer\
pgfcorepoints.code.tex"
File: pgfcorepoints.code.tex 2013/10/07  (rcs-revision 1.27)
\pgf@picminx=\dimen134
\pgf@picmaxx=\dimen135
\pgf@picminy=\dimen136
\pgf@picmaxy=\dimen137
\pgf@pathminx=\dimen138
\pgf@pathmaxx=\dimen139
\pgf@pathminy=\dimen140
\pgf@pathmaxy=\dimen141
\pgf@xx=\dimen142
\pgf@xy=\dimen143
\pgf@yx=\dimen144
\pgf@yy=\dimen145
\pgf@zx=\dimen146
\pgf@zy=\dimen147
)
("C:\Users\Ikarus\AppData\Local\Programs\MiKTeX 2.9\tex\generic\pgf\basiclayer\
pgfcorepathconstruct.code.tex"
File: pgfcorepathconstruct.code.tex 2013/10/07  (rcs-revision 1.29)
\pgf@path@lastx=\dimen148
\pgf@path@lasty=\dimen149
)
("C:\Users\Ikarus\AppData\Local\Programs\MiKTeX 2.9\tex\generic\pgf\basiclayer\
pgfcorepathusage.code.tex"
File: pgfcorepathusage.code.tex 2014/11/02  (rcs-revision 1.24)
\pgf@shorten@end@additional=\dimen150
\pgf@shorten@start@additional=\dimen151
)
("C:\Users\Ikarus\AppData\Local\Programs\MiKTeX 2.9\tex\generic\pgf\basiclayer\
pgfcorescopes.code.tex"
File: pgfcorescopes.code.tex 2015/05/08  (rcs-revision 1.46)
\pgfpic=\box36
\pgf@hbox=\box37
\pgf@layerbox@main=\box38
\pgf@picture@serial@count=\count115
)
("C:\Users\Ikarus\AppData\Local\Programs\MiKTeX 2.9\tex\generic\pgf\basiclayer\
pgfcoregraphicstate.code.tex"
File: pgfcoregraphicstate.code.tex 2014/11/02  (rcs-revision 1.12)
\pgflinewidth=\dimen152
)
("C:\Users\Ikarus\AppData\Local\Programs\MiKTeX 2.9\tex\generic\pgf\basiclayer\
pgfcoretransformations.code.tex"
File: pgfcoretransformations.code.tex 2015/08/07  (rcs-revision 1.20)
\pgf@pt@x=\dimen153
\pgf@pt@y=\dimen154
\pgf@pt@temp=\dimen155
)
("C:\Users\Ikarus\AppData\Local\Programs\MiKTeX 2.9\tex\generic\pgf\basiclayer\
pgfcorequick.code.tex"
File: pgfcorequick.code.tex 2008/10/09  (rcs-revision 1.3)
)
("C:\Users\Ikarus\AppData\Local\Programs\MiKTeX 2.9\tex\generic\pgf\basiclayer\
pgfcoreobjects.code.tex"
File: pgfcoreobjects.code.tex 2006/10/11  (rcs-revision 1.2)
)
("C:\Users\Ikarus\AppData\Local\Programs\MiKTeX 2.9\tex\generic\pgf\basiclayer\
pgfcorepathprocessing.code.tex"
File: pgfcorepathprocessing.code.tex 2013/09/09  (rcs-revision 1.9)
)
("C:\Users\Ikarus\AppData\Local\Programs\MiKTeX 2.9\tex\generic\pgf\basiclayer\
pgfcorearrows.code.tex"
File: pgfcorearrows.code.tex 2015/05/14  (rcs-revision 1.43)
\pgfarrowsep=\dimen156
)
("C:\Users\Ikarus\AppData\Local\Programs\MiKTeX 2.9\tex\generic\pgf\basiclayer\
pgfcoreshade.code.tex"
File: pgfcoreshade.code.tex 2013/07/15  (rcs-revision 1.15)
\pgf@max=\dimen157
\pgf@sys@shading@range@num=\count116
)
("C:\Users\Ikarus\AppData\Local\Programs\MiKTeX 2.9\tex\generic\pgf\basiclayer\
pgfcoreimage.code.tex"
File: pgfcoreimage.code.tex 2013/07/15  (rcs-revision 1.18)

("C:\Users\Ikarus\AppData\Local\Programs\MiKTeX 2.9\tex\generic\pgf\basiclayer\
pgfcoreexternal.code.tex"
File: pgfcoreexternal.code.tex 2014/07/09  (rcs-revision 1.21)
\pgfexternal@startupbox=\box39
))
("C:\Users\Ikarus\AppData\Local\Programs\MiKTeX 2.9\tex\generic\pgf\basiclayer\
pgfcorelayers.code.tex"
File: pgfcorelayers.code.tex 2013/07/18  (rcs-revision 1.7)
)
("C:\Users\Ikarus\AppData\Local\Programs\MiKTeX 2.9\tex\generic\pgf\basiclayer\
pgfcoretransparency.code.tex"
File: pgfcoretransparency.code.tex 2013/09/30  (rcs-revision 1.5)
)
("C:\Users\Ikarus\AppData\Local\Programs\MiKTeX 2.9\tex\generic\pgf\basiclayer\
pgfcorepatterns.code.tex"
File: pgfcorepatterns.code.tex 2013/11/07  (rcs-revision 1.5)
)))
("C:\Users\Ikarus\AppData\Local\Programs\MiKTeX 2.9\tex\generic\pgf\modules\pgf
moduleshapes.code.tex"
File: pgfmoduleshapes.code.tex 2014/03/21  (rcs-revision 1.35)
\pgfnodeparttextbox=\box40
)
("C:\Users\Ikarus\AppData\Local\Programs\MiKTeX 2.9\tex\generic\pgf\modules\pgf
moduleplot.code.tex"
File: pgfmoduleplot.code.tex 2015/08/03  (rcs-revision 1.13)
)
("C:\Users\Ikarus\AppData\Local\Programs\MiKTeX 2.9\tex\latex\pgf\compatibility
\pgfcomp-version-0-65.sty"
Package: pgfcomp-version-0-65 2007/07/03 v3.0.1a (rcs-revision 1.7)
\pgf@nodesepstart=\dimen158
\pgf@nodesepend=\dimen159
)
("C:\Users\Ikarus\AppData\Local\Programs\MiKTeX 2.9\tex\latex\pgf\compatibility
\pgfcomp-version-1-18.sty"
Package: pgfcomp-version-1-18 2007/07/23 v3.0.1a (rcs-revision 1.1)
))
("C:\Users\Ikarus\AppData\Local\Programs\MiKTeX 2.9\tex\latex\pgfplots\pgfplots
.sty"
("C:\Users\Ikarus\AppData\Local\Programs\MiKTeX 2.9\tex\generic\pgfplots\pgfplo
ts.revision.tex")
Package: pgfplots 2018/03/28 v1.16 Data Visualization (1.16)

("C:\Users\Ikarus\AppData\Local\Programs\MiKTeX 2.9\tex\latex\pgf\frontendlayer
\tikz.sty"
("C:\Users\Ikarus\AppData\Local\Programs\MiKTeX 2.9\tex\latex\pgf\utilities\pgf
for.sty"
("C:\Users\Ikarus\AppData\Local\Programs\MiKTeX 2.9\tex\latex\pgf\math\pgfmath.
sty"
("C:\Users\Ikarus\AppData\Local\Programs\MiKTeX 2.9\tex\generic\pgf\math\pgfmat
h.code.tex"))
("C:\Users\Ikarus\AppData\Local\Programs\MiKTeX 2.9\tex\generic\pgf\utilities\p
gffor.code.tex"
Package: pgffor 2013/12/13 v3.0.1a (rcs-revision 1.25)

("C:\Users\Ikarus\AppData\Local\Programs\MiKTeX 2.9\tex\generic\pgf\math\pgfmat
h.code.tex")
\pgffor@iter=\dimen160
\pgffor@skip=\dimen161
\pgffor@stack=\toks31
\pgffor@toks=\toks32
))
("C:\Users\Ikarus\AppData\Local\Programs\MiKTeX 2.9\tex\generic\pgf\frontendlay
er\tikz\tikz.code.tex"
Package: tikz 2015/08/07 v3.0.1a (rcs-revision 1.151)

("C:\Users\Ikarus\AppData\Local\Programs\MiKTeX 2.9\tex\generic\pgf\libraries\p
gflibraryplothandlers.code.tex"
File: pgflibraryplothandlers.code.tex 2013/08/31 v3.0.1a (rcs-revision 1.20)
\pgf@plot@mark@count=\count117
\pgfplotmarksize=\dimen162
)
\tikz@lastx=\dimen163
\tikz@lasty=\dimen164
\tikz@lastxsaved=\dimen165
\tikz@lastysaved=\dimen166
\tikzleveldistance=\dimen167
\tikzsiblingdistance=\dimen168
\tikz@figbox=\box41
\tikz@figbox@bg=\box42
\tikz@tempbox=\box43
\tikz@tempbox@bg=\box44
\tikztreelevel=\count118
\tikznumberofchildren=\count119
\tikznumberofcurrentchild=\count120
\tikz@fig@count=\count121

("C:\Users\Ikarus\AppData\Local\Programs\MiKTeX 2.9\tex\generic\pgf\modules\pgf
modulematrix.code.tex"
File: pgfmodulematrix.code.tex 2013/09/17  (rcs-revision 1.8)
\pgfmatrixcurrentrow=\count122
\pgfmatrixcurrentcolumn=\count123
\pgf@matrix@numberofcolumns=\count124
)
\tikz@expandcount=\count125

("C:\Users\Ikarus\AppData\Local\Programs\MiKTeX 2.9\tex\generic\pgf\frontendlay
er\tikz\libraries\tikzlibrarytopaths.code.tex"
File: tikzlibrarytopaths.code.tex 2008/06/17 v3.0.1a (rcs-revision 1.2)
)))
("C:\Users\Ikarus\AppData\Local\Programs\MiKTeX 2.9\tex\generic\pgfplots\pgfplo
ts.code.tex"
("C:\Users\Ikarus\AppData\Local\Programs\MiKTeX 2.9\tex\generic\pgfplots\pgfplo
tscore.code.tex"
\t@pgfplots@toka=\toks33
\t@pgfplots@tokb=\toks34
\t@pgfplots@tokc=\toks35
\pgfplots@tmpa=\dimen169
\c@pgfplots@coordindex=\count126
\c@pgfplots@scanlineindex=\count127

("C:\Users\Ikarus\AppData\Local\Programs\MiKTeX 2.9\tex\generic\pgfplots\sys\pg
fplotssysgeneric.code.tex"))
("C:\Users\Ikarus\AppData\Local\Programs\MiKTeX 2.9\tex\generic\pgfplots\libs\p
gfplotslibrary.code.tex")
("C:\Users\Ikarus\AppData\Local\Programs\MiKTeX 2.9\tex\generic\pgfplots\oldpgf
compatib\pgfplotsoldpgfsupp_loader.code.tex"
("C:\Users\Ikarus\AppData\Local\Programs\MiKTeX 2.9\tex\generic\pgf\libraries\p
gflibraryfpu.code.tex")
Package pgfplots: loading complementary arithmetics for your pgf version...

("C:\Users\Ikarus\AppData\Local\Programs\MiKTeX 2.9\tex\generic\pgfplots\oldpgf
compatib\pgfplotsoldpgfsupp_pgflibraryfpu.code.tex")
("C:\Users\Ikarus\AppData\Local\Programs\MiKTeX 2.9\tex\generic\pgfplots\oldpgf
compatib\pgfplotsoldpgfsupp_pgfmathfloat.code.tex"
\c@pgfmathroundto@lastzeros=\count128
)
("C:\Users\Ikarus\AppData\Local\Programs\MiKTeX 2.9\tex\generic\pgfplots\oldpgf
compatib\pgfplotsoldpgfsupp_leq.code.tex"))
("C:\Users\Ikarus\AppData\Local\Programs\MiKTeX 2.9\tex\generic\pgfplots\util\p
gfplotsutil.code.tex"
("C:\Users\Ikarus\AppData\Local\Programs\MiKTeX 2.9\tex\generic\pgfplots\listst
ructure\pgfplotsliststructure.code.tex")
("C:\Users\Ikarus\AppData\Local\Programs\MiKTeX 2.9\tex\generic\pgfplots\listst
ructure\pgfplotsliststructureext.code.tex")
("C:\Users\Ikarus\AppData\Local\Programs\MiKTeX 2.9\tex\generic\pgfplots\listst
ructure\pgfplotsarray.code.tex"
\c@pgfplotsarray@tmp=\count129
)
("C:\Users\Ikarus\AppData\Local\Programs\MiKTeX 2.9\tex\generic\pgfplots\listst
ructure\pgfplotsmatrix.code.tex")
("C:\Users\Ikarus\AppData\Local\Programs\MiKTeX 2.9\tex\generic\pgfplots\numtab
le\pgfplotstableshared.code.tex"
\c@pgfplotstable@counta=\count130
\t@pgfplotstable@a=\toks36
)
("C:\Users\Ikarus\AppData\Local\Programs\MiKTeX 2.9\tex\generic\pgfplots\listst
ructure\pgfplotsdeque.code.tex")
("C:\Users\Ikarus\AppData\Local\Programs\MiKTeX 2.9\tex\generic\pgfplots\util\p
gfplotsbinary.code.tex"
("C:\Users\Ikarus\AppData\Local\Programs\MiKTeX 2.9\tex\generic\pgfplots\util\p
gfplotsbinary.data.code.tex"))
("C:\Users\Ikarus\AppData\Local\Programs\MiKTeX 2.9\tex\generic\pgfplots\util\p
gfplotsutil.verb.code.tex")
("C:\Users\Ikarus\AppData\Local\Programs\MiKTeX 2.9\tex\generic\pgfplots\libs\p
gflibrarypgfplots.surfshading.code.tex"
\c@pgfplotslibrarysurf@no=\count131

("C:\Users\Ikarus\AppData\Local\Programs\MiKTeX 2.9\tex\generic\pgfplots\sys\pg
flibrarypgfplots.surfshading.pgfsys-pdftex.def")))
("C:\Users\Ikarus\AppData\Local\Programs\MiKTeX 2.9\tex\generic\pgfplots\util\p
gfplotscolormap.code.tex"
("C:\Users\Ikarus\AppData\Local\Programs\MiKTeX 2.9\tex\generic\pgfplots\util\p
gfplotscolor.code.tex"))
("C:\Users\Ikarus\AppData\Local\Programs\MiKTeX 2.9\tex\generic\pgfplots\pgfplo
tsstackedplots.code.tex")
("C:\Users\Ikarus\AppData\Local\Programs\MiKTeX 2.9\tex\generic\pgfplots\pgfplo
tsplothandlers.code.tex"
("C:\Users\Ikarus\AppData\Local\Programs\MiKTeX 2.9\tex\generic\pgfplots\pgfplo
tsmeshplothandler.code.tex"
("C:\Users\Ikarus\AppData\Local\Programs\MiKTeX 2.9\tex\generic\pgfplots\pgfplo
tsmeshplotimage.code.tex")))
("C:\Users\Ikarus\AppData\Local\Programs\MiKTeX 2.9\tex\generic\pgfplots\pgfplo
ts.scaling.code.tex")
("C:\Users\Ikarus\AppData\Local\Programs\MiKTeX 2.9\tex\generic\pgfplots\pgfplo
tscoordprocessing.code.tex")
("C:\Users\Ikarus\AppData\Local\Programs\MiKTeX 2.9\tex\generic\pgfplots\pgfplo
ts.errorbars.code.tex")
("C:\Users\Ikarus\AppData\Local\Programs\MiKTeX 2.9\tex\generic\pgfplots\pgfplo
ts.markers.code.tex")
("C:\Users\Ikarus\AppData\Local\Programs\MiKTeX 2.9\tex\generic\pgfplots\pgfplo
tsticks.code.tex")
("C:\Users\Ikarus\AppData\Local\Programs\MiKTeX 2.9\tex\generic\pgfplots\pgfplo
ts.paths.code.tex")
("C:\Users\Ikarus\AppData\Local\Programs\MiKTeX 2.9\tex\generic\pgf\frontendlay
er\tikz\libraries\tikzlibrarydecorations.code.tex"
("C:\Users\Ikarus\AppData\Local\Programs\MiKTeX 2.9\tex\generic\pgf\modules\pgf
moduledecorations.code.tex"
\pgfdecoratedcompleteddistance=\dimen170
\pgfdecoratedremainingdistance=\dimen171
\pgfdecoratedinputsegmentcompleteddistance=\dimen172
\pgfdecoratedinputsegmentremainingdistance=\dimen173
\pgf@decorate@distancetomove=\dimen174
\pgf@decorate@repeatstate=\count132
\pgfdecorationsegmentamplitude=\dimen175
\pgfdecorationsegmentlength=\dimen176
)
\tikz@lib@dec@box=\box45
)
("C:\Users\Ikarus\AppData\Local\Programs\MiKTeX 2.9\tex\generic\pgf\frontendlay
er\tikz\libraries\tikzlibrarydecorations.pathmorphing.code.tex"
("C:\Users\Ikarus\AppData\Local\Programs\MiKTeX 2.9\tex\generic\pgf\libraries\d
ecorations\pgflibrarydecorations.pathmorphing.code.tex"))
("C:\Users\Ikarus\AppData\Local\Programs\MiKTeX 2.9\tex\generic\pgf\frontendlay
er\tikz\libraries\tikzlibrarydecorations.pathreplacing.code.tex"
("C:\Users\Ikarus\AppData\Local\Programs\MiKTeX 2.9\tex\generic\pgf\libraries\d
ecorations\pgflibrarydecorations.pathreplacing.code.tex"))
\pgfplots@numplots=\count133
\pgfplots@xmin@reg=\dimen177
\pgfplots@xmax@reg=\dimen178
\pgfplots@ymin@reg=\dimen179
\pgfplots@ymax@reg=\dimen180
\pgfplots@zmin@reg=\dimen181
\pgfplots@zmax@reg=\dimen182
)
("C:\Users\Ikarus\AppData\Local\Programs\MiKTeX 2.9\tex\generic\pgf\frontendlay
er\tikz\libraries\tikzlibraryplotmarks.code.tex"
File: tikzlibraryplotmarks.code.tex 2008/01/09 v3.0.1a (rcs-revision 1.1)

("C:\Users\Ikarus\AppData\Local\Programs\MiKTeX 2.9\tex\generic\pgf\libraries\p
gflibraryplotmarks.code.tex"
File: pgflibraryplotmarks.code.tex 2015/08/03 v3.0.1a (rcs-revision 1.14)
)))
("C:\Users\Ikarus\AppData\Local\Programs\MiKTeX 2.9\tex\latex\pgfplots\pgfplots
table.sty"
("C:\Users\Ikarus\AppData\Local\Programs\MiKTeX 2.9\tex\generic\pgfplots\pgfplo
ts.revision.tex")
Package: pgfplotstable 2018/03/28 v1.16 Table typesetting and Pretty-printing (
1.16)

("C:\Users\Ikarus\AppData\Local\Programs\MiKTeX 2.9\tex\generic\pgfplots\numtab
le\pgfplotstable.code.tex"
("C:\Users\Ikarus\AppData\Local\Programs\MiKTeX 2.9\tex\generic\pgfplots\numtab
le\pgfplotstable.coltype.code.tex")))
("C:\Users\Ikarus\AppData\Local\Programs\MiKTeX 2.9\tex\generic\pgfplots\libs\t
ikzlibrarypgfplots.statistics.code.tex")
("C:\Users\Ikarus\AppData\Local\Programs\MiKTeX 2.9\tex\generic\pgf\frontendlay
er\tikz\libraries\tikzlibraryarrows.code.tex"
File: tikzlibraryarrows.code.tex 2008/01/09 v3.0.1a (rcs-revision 1.1)

("C:\Users\Ikarus\AppData\Local\Programs\MiKTeX 2.9\tex\generic\pgf\libraries\p
gflibraryarrows.code.tex"
File: pgflibraryarrows.code.tex 2013/09/23 v3.0.1a (rcs-revision 1.16)
\arrowsize=\dimen183
))
("C:\Users\Ikarus\AppData\Local\Programs\MiKTeX 2.9\tex\generic\pgf\frontendlay
er\tikz\libraries\tikzlibraryautomata.code.tex"
File: tikzlibraryautomata.code.tex 2008/07/14 v3.0.1a (rcs-revision 1.3)

("C:\Users\Ikarus\AppData\Local\Programs\MiKTeX 2.9\tex\generic\pgf\frontendlay
er\tikz\libraries\tikzlibraryshapes.multipart.code.tex"
File: tikzlibraryshapes.multipart.code.tex 2008/01/09 v3.0.1a (rcs-revision 1.1
)

("C:\Users\Ikarus\AppData\Local\Programs\MiKTeX 2.9\tex\generic\pgf\libraries\s
hapes\pgflibraryshapes.multipart.code.tex"
File: pgflibraryshapes.multipart.code.tex 2010/01/07 v3.0.1a (rcs-revision 1.2)

\pgfnodepartlowerbox=\box46
\pgfnodeparttwobox=\box47
\pgfnodepartthreebox=\box48
\pgfnodepartfourbox=\box49
\pgfnodeparttwentybox=\box50
\pgfnodepartnineteenbox=\box51
\pgfnodeparteighteenbox=\box52
\pgfnodepartseventeenbox=\box53
\pgfnodepartsixteenbox=\box54
\pgfnodepartfifteenbox=\box55
\pgfnodepartfourteenbox=\box56
\pgfnodepartthirteenbox=\box57
\pgfnodeparttwelvebox=\box58
\pgfnodepartelevenbox=\box59
\pgfnodeparttenbox=\box60
\pgfnodepartninebox=\box61
\pgfnodeparteightbox=\box62
\pgfnodepartsevenbox=\box63
\pgfnodepartsixbox=\box64
\pgfnodepartfivebox=\box65
)))
("C:\Users\Ikarus\AppData\Local\Programs\MiKTeX 2.9\tex\generic\pgf\frontendlay
er\tikz\libraries\tikzlibrarypositioning.code.tex"
File: tikzlibrarypositioning.code.tex 2008/10/06 v3.0.1a (rcs-revision 1.7)
)
("C:\Users\Ikarus\AppData\Local\Programs\MiKTeX 2.9\tex\latex\circuitikz\circui
tikz.sty"
Package: circuitikz 2017/05/28{} The CircuiTikz circuit drawing package version
 0.8.3

("C:\Users\Ikarus\AppData\Local\Programs\MiKTeX 2.9\tex\generic\pgf\frontendlay
er\tikz\libraries\tikzlibrarycalc.code.tex"
File: tikzlibrarycalc.code.tex 2013/07/15 v3.0.1a (rcs-revision 1.9)
)
("C:\Users\Ikarus\AppData\Local\Programs\MiKTeX 2.9\tex\generic\circuitikz\pgfc
irc.defines.tex"
\pgf@circ@res@up=\dimen184
\pgf@circ@res@down=\dimen185
\pgf@circ@res@zero=\dimen186
\pgf@circ@res@left=\dimen187
\pgf@circ@res@right=\dimen188
\pgf@circ@res@other=\dimen189
\pgf@circ@res@step=\dimen190
\pgf@circ@res@temp=\dimen191
\pgfstartlinewidth=\dimen192
\pgf@circ@Rlen=\dimen193
)
("C:\Users\Ikarus\AppData\Local\Programs\MiKTeX 2.9\tex\generic\circuitikz\pgfc
ircutils.tex")
("C:\Users\Ikarus\AppData\Local\Programs\MiKTeX 2.9\tex\generic\circuitikz\pgfc
ircshapes.tex")
("C:\Users\Ikarus\AppData\Local\Programs\MiKTeX 2.9\tex\generic\circuitikz\pgfc
ircmonopoles.tex")
("C:\Users\Ikarus\AppData\Local\Programs\MiKTeX 2.9\tex\generic\circuitikz\pgfc
ircbipoles.tex")
("C:\Users\Ikarus\AppData\Local\Programs\MiKTeX 2.9\tex\generic\circuitikz\pgfc
irctripoles.tex")
("C:\Users\Ikarus\AppData\Local\Programs\MiKTeX 2.9\tex\generic\circuitikz\pgfc
ircquadpoles.tex")
("C:\Users\Ikarus\AppData\Local\Programs\MiKTeX 2.9\tex\generic\circuitikz\pgfc
irclabel.tex")
("C:\Users\Ikarus\AppData\Local\Programs\MiKTeX 2.9\tex\generic\circuitikz\pgfc
ircvoltage.tex")
("C:\Users\Ikarus\AppData\Local\Programs\MiKTeX 2.9\tex\generic\circuitikz\pgfc
irccurrent.tex")
("C:\Users\Ikarus\AppData\Local\Programs\MiKTeX 2.9\tex\generic\circuitikz\pgfc
ircflow.tex")
("C:\Users\Ikarus\AppData\Local\Programs\MiKTeX 2.9\tex\generic\circuitikz\pgfc
ircpath.tex"))
("C:\Users\Ikarus\AppData\Local\Programs\MiKTeX 2.9\tex\latex\bchart\bchart.sty
"
Package: bchart 
\bcpos=\skip54
\bcwidth=\skip55
)
("C:\Users\Ikarus\AppData\Local\Programs\MiKTeX 2.9\tex\latex\sidecap\sidecap.s
ty"
Package: sidecap 2003/06/06 v1.6f SideCap Package (RN/HjG)
\SC@BOXWD=\dimen194
\SC@CAPWD=\dimen195
\SC@tempdima=\dimen196
\SC@tempdimb=\dimen197
\c@SC@C=\count134
\SC@BOX=\box66
)
("C:\Users\Ikarus\AppData\Local\Programs\MiKTeX 2.9\tex\latex\floatflt\floatflt
.sty"
Package: floatflt 1997/07/16 v. 1.31
\c@OptionTest=\count135
\figbox=\box67
\tabbox=\box68
\pagebox=\box69
\ffigcount=\count136
\ftabcount=\count137
\fftest=\count138
\hangcount=\count139
\nosuccesstryfig=\count140
\nosuccesstrytab=\count141
\figgutter=\dimen198
\tabgutter=\dimen199
\htdone=\dimen256
\pageht=\dimen257
\startpageht=\dimen258
\tabbredd=\dimen259
\floatfltwidth=\dimen260
\fltitemwidth=\dimen261
\outputpretest=\toks37
)
("C:\Users\Ikarus\AppData\Local\Programs\MiKTeX 2.9\tex\latex\float\float.sty"
Package: float 2001/11/08 v1.3d Float enhancements (AL)
\c@float@type=\count142
\float@exts=\toks38
\float@box=\box70
\@float@everytoks=\toks39
\@floatcapt=\box71
)
("C:\Users\Ikarus\AppData\Local\Programs\MiKTeX 2.9\tex\latex\acronym\acronym.s
ty"
Package: acronym 2015/03/21 v1.41 Support for acronyms (Tobias Oetiker)

("C:\Users\Ikarus\AppData\Local\Programs\MiKTeX 2.9\tex\latex\bigfoot\suffix.st
y"
Package: suffix 2006/07/15 1.5a Variant command support
)
("C:\Users\Ikarus\AppData\Local\Programs\MiKTeX 2.9\tex\latex\xstring\xstring.s
ty"
("C:\Users\Ikarus\AppData\Local\Programs\MiKTeX 2.9\tex\generic\xstring\xstring
.tex"
\@xs@message=\write5
\integerpart=\count143
\decimalpart=\count144
)
Package: xstring 2013/10/13  v1.7c  String manipulations (C Tellechea)
)
\AC@clearlist=\toks40
)
("C:\Users\Ikarus\AppData\Local\Programs\MiKTeX 2.9\tex\latex\oberdiek\pdflscap
e.sty"
Package: pdflscape 2016/05/14 v0.11 Display of landscape pages in PDF (HO)

("C:\Users\Ikarus\AppData\Local\Programs\MiKTeX 2.9\tex\latex\graphics\lscape.s
ty"
Package: lscape 2000/10/22 v3.01 Landscape Pages (DPC)
)
("C:\Users\Ikarus\AppData\Local\Programs\MiKTeX 2.9\tex\generic\oberdiek\ifpdf.
sty"
Package: ifpdf 2018/09/07 v3.3 Provides the ifpdf switch
)
Package pdflscape Info: Auto-detected driver: pdftex on input line 81.

("C:\Users\Ikarus\AppData\Local\Programs\MiKTeX 2.9\tex\generic\ifxetex\ifxetex
.sty"
Package: ifxetex 2010/09/12 v0.6 Provides ifxetex conditional
))
("C:\Users\Ikarus\AppData\Local\Programs\MiKTeX 2.9\tex\latex\spreadtab\spreadt
ab.sty"
Package: spreadtab 2018/01/01 v0.4d Spreadsheet features for table environments
 (CT)
 ("C:\Users\Ikarus\AppData\Local\Programs\MiKTeX 2.9\tex\latex\fp\fp.sty"
Package: fp 1995/04/02
 `Fixed Point Package', Version 0.8, April 2, 1995 (C) Michael Mehlich
("C:\Users\Ikarus\AppData\Local\Programs\MiKTeX 2.9\tex\latex\fp\defpattern.sty
"
Package: defpattern 1994/10/12
\actioncount=\count145
) ("C:\Users\Ikarus\AppData\Local\Programs\MiKTeX 2.9\tex\latex\fp\fp-basic.sty
"
Package: fp-basic 1996/05/13
\FP@xs=\count146
\FP@xia=\count147
\FP@xib=\count148
\FP@xfa=\count149
\FP@xfb=\count150
\FP@rega=\count151
\FP@regb=\count152
\FP@regs=\count153
\FP@times=\count154
)
("C:\Users\Ikarus\AppData\Local\Programs\MiKTeX 2.9\tex\latex\fp\fp-addons.sty"
Package: fp-addons 1995/03/15
) ("C:\Users\Ikarus\AppData\Local\Programs\MiKTeX 2.9\tex\latex\fp\fp-snap.sty"
Package: fp-snap 1995/04/05
) ("C:\Users\Ikarus\AppData\Local\Programs\MiKTeX 2.9\tex\latex\fp\fp-exp.sty"
Package: fp-exp 1995/04/03
) ("C:\Users\Ikarus\AppData\Local\Programs\MiKTeX 2.9\tex\latex\fp\fp-trigo.sty
"
Package: fp-trigo 1995/04/14
) ("C:\Users\Ikarus\AppData\Local\Programs\MiKTeX 2.9\tex\latex\fp\fp-pas.sty"
Package: fp-pas 1994/08/29
) ("C:\Users\Ikarus\AppData\Local\Programs\MiKTeX 2.9\tex\latex\fp\fp-random.st
y"
Package: fp-random 1995/02/23
\FPseed=\count155
) ("C:\Users\Ikarus\AppData\Local\Programs\MiKTeX 2.9\tex\latex\fp\fp-eqn.sty"
Package: fp-eqn 1995/04/03
) ("C:\Users\Ikarus\AppData\Local\Programs\MiKTeX 2.9\tex\latex\fp\fp-upn.sty"
Package: fp-upn 1996/10/21
) ("C:\Users\Ikarus\AppData\Local\Programs\MiKTeX 2.9\tex\latex\fp\fp-eval.sty"
Package: fp-eval 1995/04/03
))
\ST@count=\count156
\ST@colcount=\count157
\ST@colcount@i=\count158
\ST@rowcount=\count159
\ST@rowcount@i=\count160
\ST@intpart=\count161
)
("C:\Users\Ikarus\AppData\Local\Programs\MiKTeX 2.9\tex\latex\hyperref\hyperref
.sty"
Package: hyperref 2018/09/30 v6.88a Hypertext links for LaTeX

("C:\Users\Ikarus\AppData\Local\Programs\MiKTeX 2.9\tex\generic\oberdiek\hobsub
-hyperref.sty"
Package: hobsub-hyperref 2016/05/16 v1.14 Bundle oberdiek, subset hyperref (HO)


("C:\Users\Ikarus\AppData\Local\Programs\MiKTeX 2.9\tex\generic\oberdiek\hobsub
-generic.sty"
Package: hobsub-generic 2016/05/16 v1.14 Bundle oberdiek, subset generic (HO)
Package: hobsub 2016/05/16 v1.14 Construct package bundles (HO)
Package: infwarerr 2016/05/16 v1.4 Providing info/warning/error messages (HO)
Package: ltxcmds 2016/05/16 v1.23 LaTeX kernel commands for general use (HO)
Package: ifluatex 2016/05/16 v1.4 Provides the ifluatex switch (HO)
Package ifluatex Info: LuaTeX not detected.
Package: ifvtex 2016/05/16 v1.6 Detect VTeX and its facilities (HO)
Package ifvtex Info: VTeX not detected.
Package: intcalc 2016/05/16 v1.2 Expandable calculations with integers (HO)
Package hobsub Info: Skipping package `ifpdf' (already loaded).
Package: etexcmds 2016/05/16 v1.6 Avoid name clashes with e-TeX commands (HO)
Package etexcmds Info: Could not find \expanded.
(etexcmds)             That can mean that you are not using pdfTeX 1.50 or
(etexcmds)             that some package has redefined \expanded.
(etexcmds)             In the latter case, load this package earlier.
Package: kvsetkeys 2016/05/16 v1.17 Key value parser (HO)
Package: kvdefinekeys 2016/05/16 v1.4 Define keys (HO)
Package: pdftexcmds 2018/09/10 v0.29 Utility functions of pdfTeX for LuaTeX (HO
)
Package pdftexcmds Info: LuaTeX not detected.
Package pdftexcmds Info: \pdf@primitive is available.
Package pdftexcmds Info: \pdf@ifprimitive is available.
Package pdftexcmds Info: \pdfdraftmode found.
Package: pdfescape 2016/05/16 v1.14 Implements pdfTeX's escape features (HO)
Package: bigintcalc 2016/05/16 v1.4 Expandable calculations on big integers (HO
)
Package: bitset 2016/05/16 v1.2 Handle bit-vector datatype (HO)
Package: uniquecounter 2016/05/16 v1.3 Provide unlimited unique counter (HO)
)
Package hobsub Info: Skipping package `hobsub' (already loaded).
Package: letltxmacro 2016/05/16 v1.5 Let assignment for LaTeX macros (HO)
Package: hopatch 2016/05/16 v1.3 Wrapper for package hooks (HO)
Package: xcolor-patch 2016/05/16 xcolor patch
Package: atveryend 2016/05/16 v1.9 Hooks at the very end of document (HO)
Package: atbegshi 2016/06/09 v1.18 At begin shipout hook (HO)
Package: refcount 2016/05/16 v3.5 Data extraction from label references (HO)
Package: hycolor 2016/05/16 v1.8 Color options for hyperref/bookmark (HO)
)
("C:\Users\Ikarus\AppData\Local\Programs\MiKTeX 2.9\tex\latex\oberdiek\auxhook.
sty"
Package: auxhook 2016/05/16 v1.4 Hooks for auxiliary files (HO)
)
("C:\Users\Ikarus\AppData\Local\Programs\MiKTeX 2.9\tex\latex\oberdiek\kvoption
s.sty"
Package: kvoptions 2016/05/16 v3.12 Key value format for package options (HO)
)
\@linkdim=\dimen262
\Hy@linkcounter=\count162
\Hy@pagecounter=\count163

("C:\Users\Ikarus\AppData\Local\Programs\MiKTeX 2.9\tex\latex\hyperref\pd1enc.d
ef"
File: pd1enc.def 2018/09/30 v6.88a Hyperref: PDFDocEncoding definition (HO)
Now handling font encoding PD1 ...
... no UTF-8 mapping file for font encoding PD1
)
\Hy@SavedSpaceFactor=\count164

("C:\Users\Ikarus\AppData\Local\Programs\MiKTeX 2.9\tex\latex\00miktex\hyperref
.cfg"
File: hyperref.cfg 2002/06/06 v1.2 hyperref configuration of TeXLive
)
Package hyperref Info: Option `colorlinks' set `true' on input line 4409.
Package hyperref Info: Hyper figures OFF on input line 4535.
Package hyperref Info: Link nesting OFF on input line 4540.
Package hyperref Info: Hyper index ON on input line 4543.
Package hyperref Info: Plain pages OFF on input line 4550.
Package hyperref Info: Backreferencing OFF on input line 4555.
Package hyperref Info: Implicit mode ON; LaTeX internals redefined.
Package hyperref Info: Bookmarks ON on input line 4788.
\c@Hy@tempcnt=\count165
 ("C:\Users\Ikarus\AppData\Local\Programs\MiKTeX 2.9\tex\latex\url\url.sty"
\Urlmuskip=\muskip10
Package: url 2013/09/16  ver 3.4  Verb mode for urls, etc.
)
LaTeX Info: Redefining \url on input line 5141.
\XeTeXLinkMargin=\dimen263
\Fld@menulength=\count166
\Field@Width=\dimen264
\Fld@charsize=\dimen265
Package hyperref Info: Hyper figures OFF on input line 6396.
Package hyperref Info: Link nesting OFF on input line 6401.
Package hyperref Info: Hyper index ON on input line 6404.
Package hyperref Info: backreferencing OFF on input line 6411.
Package hyperref Info: Link coloring ON on input line 6414.
Package hyperref Info: Link coloring with OCG OFF on input line 6421.
Package hyperref Info: PDF/A mode OFF on input line 6426.
LaTeX Info: Redefining \ref on input line 6466.
LaTeX Info: Redefining \pageref on input line 6470.
\Hy@abspage=\count167
\c@Item=\count168
\c@Hfootnote=\count169
)
Package hyperref Info: Driver (autodetected): hpdftex.

("C:\Users\Ikarus\AppData\Local\Programs\MiKTeX 2.9\tex\latex\hyperref\hpdftex.
def"
File: hpdftex.def 2018/09/30 v6.88a Hyperref driver for pdfTeX
\Fld@listcount=\count170
\c@bookmark@seq@number=\count171

("C:\Users\Ikarus\AppData\Local\Programs\MiKTeX 2.9\tex\latex\oberdiek\rerunfil
echeck.sty"
Package: rerunfilecheck 2016/05/16 v1.8 Rerun checks for auxiliary files (HO)
Package uniquecounter Info: New unique counter `rerunfilecheck' on input line 2
82.
)
\Hy@SectionHShift=\skip56
)
("C:\Users\Ikarus\AppData\Local\Programs\MiKTeX 2.9\tex\latex\oberdiek\bookmark
.sty"
Package: bookmark 2016/05/17 v1.26 PDF bookmarks (HO)

("C:\Users\Ikarus\AppData\Local\Programs\MiKTeX 2.9\tex\latex\oberdiek\bkm-pdft
ex.def"
File: bkm-pdftex.def 2016/05/17 v1.26 bookmark driver for pdfTeX (HO)
\BKM@id=\count172
))
("C:\Users\Ikarus\AppData\Local\Programs\MiKTeX 2.9\tex\latex\amsmath\amsmath.s
ty"
Package: amsmath 2017/09/02 v2.17a AMS math features
\@mathmargin=\skip57

For additional information on amsmath, use the `?' option.

("C:\Users\Ikarus\AppData\Local\Programs\MiKTeX 2.9\tex\latex\amsmath\amstext.s
ty"
Package: amstext 2000/06/29 v2.01 AMS text

("C:\Users\Ikarus\AppData\Local\Programs\MiKTeX 2.9\tex\latex\amsmath\amsgen.st
y"
File: amsgen.sty 1999/11/30 v2.0 generic functions
\@emptytoks=\toks41
\ex@=\dimen266
))
("C:\Users\Ikarus\AppData\Local\Programs\MiKTeX 2.9\tex\latex\amsmath\amsbsy.st
y"
Package: amsbsy 1999/11/29 v1.2d Bold Symbols
\pmbraise@=\dimen267
)
("C:\Users\Ikarus\AppData\Local\Programs\MiKTeX 2.9\tex\latex\amsmath\amsopn.st
y"
Package: amsopn 2016/03/08 v2.02 operator names
)
\inf@bad=\count173
LaTeX Info: Redefining \frac on input line 213.
\uproot@=\count174
\leftroot@=\count175
LaTeX Info: Redefining \overline on input line 375.
\classnum@=\count176
\DOTSCASE@=\count177
LaTeX Info: Redefining \ldots on input line 472.
LaTeX Info: Redefining \dots on input line 475.
LaTeX Info: Redefining \cdots on input line 596.
\Mathstrutbox@=\box72
\strutbox@=\box73
\big@size=\dimen268
LaTeX Font Info:    Redeclaring font encoding OML on input line 712.
LaTeX Font Info:    Redeclaring font encoding OMS on input line 713.
\macc@depth=\count178
\c@MaxMatrixCols=\count179
\dotsspace@=\muskip11
\c@parentequation=\count180
\dspbrk@lvl=\count181
\tag@help=\toks42
\row@=\count182
\column@=\count183
\maxfields@=\count184
\andhelp@=\toks43
\eqnshift@=\dimen269
\alignsep@=\dimen270
\tagshift@=\dimen271
\tagwidth@=\dimen272
\totwidth@=\dimen273
\lineht@=\dimen274
\@envbody=\toks44
\multlinegap=\skip58
\multlinetaggap=\skip59
\mathdisplay@stack=\toks45
LaTeX Info: Redefining \[ on input line 2817.
LaTeX Info: Redefining \] on input line 2818.
)
("C:\Users\Ikarus\AppData\Local\Programs\MiKTeX 2.9\tex\generic\xypic\xy.sty"
("C:\Users\Ikarus\AppData\Local\Programs\MiKTeX 2.9\tex\generic\xypic\xy.tex"
Bootstrap'ing: catcodes, docmode,
("C:\Users\Ikarus\AppData\Local\Programs\MiKTeX 2.9\tex\generic\xypic\xyrecat.t
ex")
("C:\Users\Ikarus\AppData\Local\Programs\MiKTeX 2.9\tex\generic\xypic\xyidioms.
tex")

 Xy-pic version 3.8.9 <2013/10/06>
 Copyright (c) 1991-2013 by Kristoffer H. Rose <krisrose@tug.org> and others
 Xy-pic is free software: see the User's Guide for details.

Loading kernel: messages; fonts; allocations: state,
\X@c=\dimen275
\Y@c=\dimen276
\U@c=\dimen277
\D@c=\dimen278
\L@c=\dimen279
\R@c=\dimen280
\Edge@c=\toks46
\X@p=\dimen281
\Y@p=\dimen282
\U@p=\dimen283
\D@p=\dimen284
\L@p=\dimen285
\R@p=\dimen286
\Edge@p=\toks47
\X@origin=\dimen287
\Y@origin=\dimen288
\X@xbase=\dimen289
\Y@xbase=\dimen290
\X@ybase=\dimen291
\Y@ybase=\dimen292
\X@min=\dimen293
\Y@min=\dimen294
\X@max=\dimen295
\Y@max=\dimen296
\lastobjectbox@=\box74
\zerodotbox@=\box75
\almostz@=\dimen297
 direction,
\d@X=\dimen298
\d@Y=\dimen299
\K@=\count185
\KK@=\count186
\Direction=\count187
\K@dXdY=\dimen300
\K@dYdX=\dimen301
\xyread@=\read3
\xywrite@=\write6
\csp@=\count188
\quotPTK@=\dimen302

utility macros; pictures: \xy, positions,
\swaptoks@@=\toks48
\connectobjectbox@@=\box76
 objects,
\styletoks@=\toks49
 decorations;
kernel objects: directionals, circles, text; options; algorithms: directions,
edges, connections;  Xy-pic loaded)
Package: xy 2013/10/06 Xy-pic version 3.8.9

("C:\Users\Ikarus\AppData\Local\Programs\MiKTeX 2.9\tex\generic\xypic\xyall.tex
"  Xy-pic option: All features v.3.8
("C:\Users\Ikarus\AppData\Local\Programs\MiKTeX 2.9\tex\generic\xypic\xycurve.t
ex"  Xy-pic option: Curve and Spline extension v.3.12 curve,
\crv@cnt@=\count189
\crvpts@=\toks50
\splinebox@=\box77
\splineval@=\dimen303
\splinedepth@=\dimen304
\splinetol@=\dimen305
\splinelength@=\dimen306
 circles,
\L@=\dimen307
 loaded)
("C:\Users\Ikarus\AppData\Local\Programs\MiKTeX 2.9\tex\generic\xypic\xyframe.t
ex"  Xy-pic option: Frame and Bracket extension v.3.14 loaded)
("C:\Users\Ikarus\AppData\Local\Programs\MiKTeX 2.9\tex\generic\xypic\xycmtip.t
ex"  Xy-pic option: Computer Modern tip extension v.3.7
("C:\Users\Ikarus\AppData\Local\Programs\MiKTeX 2.9\tex\generic\xypic\xytips.te
x"  Xy-pic option: More Tips extension v.3.11 loaded) loaded)
("C:\Users\Ikarus\AppData\Local\Programs\MiKTeX 2.9\tex\generic\xypic\xyline.te
x"  Xy-pic option: Line styles extension v.3.10
\xylinethick@=\dimen308
 loaded)
("C:\Users\Ikarus\AppData\Local\Programs\MiKTeX 2.9\tex\generic\xypic\xyrotate.
tex"  Xy-pic option: Rotate and Scale extension v.3.8 loaded)
("C:\Users\Ikarus\AppData\Local\Programs\MiKTeX 2.9\tex\generic\xypic\xycolor.t
ex"  Xy-pic option: Colour extension v.3.11 loaded)
("C:\Users\Ikarus\AppData\Local\Programs\MiKTeX 2.9\tex\generic\xypic\xymatrix.
tex"  Xy-pic option: Matrix feature v.3.14
\Row=\count190
\Col=\count191
\queue@=\toks51
\queue@@=\toks52
\qcount@=\count192
\qcount@@=\count193
\matrixsize@=\count194
 loaded)
("C:\Users\Ikarus\AppData\Local\Programs\MiKTeX 2.9\tex\generic\xypic\xyarrow.t
ex"  Xy-pic option: Arrow and Path feature v.3.9 path, \ar, loaded)
("C:\Users\Ikarus\AppData\Local\Programs\MiKTeX 2.9\tex\generic\xypic\xygraph.t
ex"  Xy-pic option: Graph feature v.3.11 loaded) loaded)
("C:\Users\Ikarus\AppData\Local\Programs\MiKTeX 2.9\tex\generic\xypic\xypdf.tex
"  Xy-pic option: PDF driver v.1.7
Xy-pic pdf driver: `color' extension support
("C:\Users\Ikarus\AppData\Local\Programs\MiKTeX 2.9\tex\generic\xypic\xypdf-co.
tex" loaded) Xy-pic pdf driver: `curve' extension support
("C:\Users\Ikarus\AppData\Local\Programs\MiKTeX 2.9\tex\generic\xypic\xypdf-cu.
tex" loaded) Xy-pic pdf driver: `frame' extension support
("C:\Users\Ikarus\AppData\Local\Programs\MiKTeX 2.9\tex\generic\xypic\xypdf-fr.
tex" loaded) Xy-pic pdf driver: `line' extension support
("C:\Users\Ikarus\AppData\Local\Programs\MiKTeX 2.9\tex\generic\xypic\xypdf-li.
tex" loaded) Xy-pic pdf driver: `rotate' extension support
("C:\Users\Ikarus\AppData\Local\Programs\MiKTeX 2.9\tex\generic\xypic\xypdf-ro.
tex" loaded) loaded))
("C:\Users\Ikarus\AppData\Local\Programs\MiKTeX 2.9\tex\latex\amsfonts\amssymb.
sty"
Package: amssymb 2013/01/14 v3.01 AMS font symbols

("C:\Users\Ikarus\AppData\Local\Programs\MiKTeX 2.9\tex\latex\amsfonts\amsfonts
.sty"
Package: amsfonts 2013/01/14 v3.01 Basic AMSFonts support
\symAMSa=\mathgroup4
\symAMSb=\mathgroup5
LaTeX Font Info:    Overwriting math alphabet `\mathfrak' in version `bold'
(Font)                  U/euf/m/n --> U/euf/b/n on input line 106.
))
("C:\Users\Ikarus\AppData\Local\Programs\MiKTeX 2.9\tex\latex\siunitx\siunitx.s
ty"
("C:\Users\Ikarus\AppData\Local\Programs\MiKTeX 2.9\tex\latex\l3kernel\expl3.st
y"
Package: expl3 2018-10-31 L3 programming layer (loader) 

("C:\Users\Ikarus\AppData\Local\Programs\MiKTeX 2.9\tex\latex\l3kernel\expl3-co
de.tex"
Package: expl3 2018-10-31 L3 programming layer (code)
\c_max_int=\count195
\l_tmpa_int=\count196
\l_tmpb_int=\count197
\g_tmpa_int=\count198
\g_tmpb_int=\count199
\g__kernel_prg_map_int=\count266
\c_log_iow=\count267
\l_iow_line_count_int=\count268
\l__iow_line_target_int=\count269
\l__iow_one_indent_int=\count270
\l__iow_indent_int=\count271
\c_zero_dim=\dimen309
\c_max_dim=\dimen310
\l_tmpa_dim=\dimen311
\l_tmpb_dim=\dimen312
\g_tmpa_dim=\dimen313
\g_tmpb_dim=\dimen314
\c_zero_skip=\skip60
\c_max_skip=\skip61
\l_tmpa_skip=\skip62
\l_tmpb_skip=\skip63
\g_tmpa_skip=\skip64
\g_tmpb_skip=\skip65
\c_zero_muskip=\muskip12
\c_max_muskip=\muskip13
\l_tmpa_muskip=\muskip14
\l_tmpb_muskip=\muskip15
\g_tmpa_muskip=\muskip16
\g_tmpb_muskip=\muskip17
\l_keys_choice_int=\count272
\l__intarray_loop_int=\count273
\c__intarray_sp_dim=\dimen315
\g__intarray_font_int=\count274
\c__fp_leading_shift_int=\count275
\c__fp_middle_shift_int=\count276
\c__fp_trailing_shift_int=\count277
\c__fp_big_leading_shift_int=\count278
\c__fp_big_middle_shift_int=\count279
\c__fp_big_trailing_shift_int=\count280
\c__fp_Bigg_leading_shift_int=\count281
\c__fp_Bigg_middle_shift_int=\count282
\c__fp_Bigg_trailing_shift_int=\count283
\c__kernel_randint_max_int=\count284
\g__fp_array_int=\count285
\l__fp_array_loop_int=\count286
\l__sort_length_int=\count287
\l__sort_min_int=\count288
\l__sort_top_int=\count289
\l__sort_max_int=\count290
\l__sort_true_max_int=\count291
\l__sort_block_int=\count292
\l__sort_begin_int=\count293
\l__sort_end_int=\count294
\l__sort_A_int=\count295
\l__sort_B_int=\count296
\l__sort_C_int=\count297
\l__tl_analysis_normal_int=\count298
\l__tl_analysis_index_int=\count299
\l__tl_analysis_nesting_int=\count300
\l__tl_analysis_type_int=\count301
\l__regex_internal_a_int=\count302
\l__regex_internal_b_int=\count303
\l__regex_internal_c_int=\count304
\l__regex_balance_int=\count305
\l__regex_group_level_int=\count306
\l__regex_mode_int=\count307
\c__regex_cs_in_class_mode_int=\count308
\c__regex_cs_mode_int=\count309
\l__regex_catcodes_int=\count310
\l__regex_default_catcodes_int=\count311
\c__regex_catcode_D_int=\count312
\c__regex_catcode_S_int=\count313
\c__regex_catcode_L_int=\count314
\c__regex_catcode_O_int=\count315
\c__regex_catcode_A_int=\count316
\c__regex_all_catcodes_int=\count317
\l__regex_show_lines_int=\count318
\l__regex_min_state_int=\count319
\l__regex_max_state_int=\count320
\l__regex_left_state_int=\count321
\l__regex_right_state_int=\count322
\l__regex_capturing_group_int=\count323
\l__regex_min_pos_int=\count324
\l__regex_max_pos_int=\count325
\l__regex_curr_pos_int=\count326
\l__regex_start_pos_int=\count327
\l__regex_success_pos_int=\count328
\l__regex_curr_char_int=\count329
\l__regex_curr_catcode_int=\count330
\l__regex_last_char_int=\count331
\l__regex_case_changed_char_int=\count332
\l__regex_curr_state_int=\count333
\l__regex_step_int=\count334
\l__regex_min_active_int=\count335
\l__regex_max_active_int=\count336
\l__regex_replacement_csnames_int=\count337
\l__regex_match_count_int=\count338
\l__regex_min_submatch_int=\count339
\l__regex_submatch_int=\count340
\l__regex_zeroth_submatch_int=\count341
\g__regex_trace_regex_int=\count342
\c_empty_box=\box78
\l_tmpa_box=\box79
\l_tmpb_box=\box80
\g_tmpa_box=\box81
\g_tmpb_box=\box82
\l__box_top_dim=\dimen316
\l__box_bottom_dim=\dimen317
\l__box_left_dim=\dimen318
\l__box_right_dim=\dimen319
\l__box_top_new_dim=\dimen320
\l__box_bottom_new_dim=\dimen321
\l__box_left_new_dim=\dimen322
\l__box_right_new_dim=\dimen323
\l__box_internal_box=\box83
\l__coffin_internal_box=\box84
\l__coffin_internal_dim=\dimen324
\l__coffin_offset_x_dim=\dimen325
\l__coffin_offset_y_dim=\dimen326
\l__coffin_x_dim=\dimen327
\l__coffin_y_dim=\dimen328
\l__coffin_x_prime_dim=\dimen329
\l__coffin_y_prime_dim=\dimen330
\c_empty_coffin=\box85
\l__coffin_aligned_coffin=\box86
\l__coffin_aligned_internal_coffin=\box87
\l_tmpa_coffin=\box88
\l_tmpb_coffin=\box89
\l__coffin_display_coffin=\box90
\l__coffin_display_coord_coffin=\box91
\l__coffin_display_pole_coffin=\box92
\l__coffin_display_offset_dim=\dimen331
\l__coffin_display_x_dim=\dimen332
\l__coffin_display_y_dim=\dimen333
\g__file_internal_ior=\read4
\l__coffin_bounding_shift_dim=\dimen334
\l__coffin_left_corner_dim=\dimen335
\l__coffin_right_corner_dim=\dimen336
\l__coffin_bottom_corner_dim=\dimen337
\l__coffin_top_corner_dim=\dimen338
\l__coffin_scaled_total_height_dim=\dimen339
\l__coffin_scaled_width_dim=\dimen340
\l__seq_internal_a_int=\count343
\l__seq_internal_b_int=\count344
)
("C:\Users\Ikarus\AppData\Local\Programs\MiKTeX 2.9\tex\latex\l3kernel\l3pdfmod
e.def"
File: l3pdfmode.def 2018-10-31 v L3 Experimental driver: PDF mode
\l__driver_color_stack_int=\count345
))
("C:\Users\Ikarus\AppData\Local\Programs\MiKTeX 2.9\tex\latex\l3packages\xparse
\xparse.sty"
Package: xparse 2018-10-17 L3 Experimental document command parser
\l__xparse_current_arg_int=\count346
\g__xparse_grabber_int=\count347
\l__xparse_m_args_int=\count348
\l__xparse_mandatory_args_int=\count349
\l__xparse_v_nesting_int=\count350
)
Package: siunitx 2018/05/17 v2.7s A comprehensive (SI) units package

("C:\Users\Ikarus\AppData\Local\Programs\MiKTeX 2.9\tex\latex\l3packages\l3keys
2e\l3keys2e.sty"
Package: l3keys2e 2018-10-17 LaTeX2e option processing using LaTeX3 keys
)
\l__siunitx_tmp_box=\box93
\l__siunitx_tmp_dim=\dimen341
\l__siunitx_tmp_int=\count351
\l__siunitx_number_mantissa_length_int=\count352
\l__siunitx_number_uncert_length_int=\count353
\l__siunitx_round_int=\count354
\l__siunitx_process_decimal_int=\count355
\l__siunitx_process_uncertainty_int=\count356
\l__siunitx_process_fixed_int=\count357
\l__siunitx_process_integer_min_int=\count358
\l__siunitx_process_precision_int=\count359
\l__siunitx_group_min_int=\count360
\l__siunitx_angle_marker_box=\box94
\l__siunitx_angle_unit_box=\box95
\l__siunitx_angle_marker_dim=\dimen342
\l__siunitx_angle_unit_dim=\dimen343
\l__siunitx_unit_int=\count361
\l__siunitx_unit_denominator_int=\count362
\l__siunitx_unit_numerator_int=\count363
\l__siunitx_unit_prefix_int=\count364
\l__siunitx_unit_prefix_base_int=\count365
\l__siunitx_unit_prefix_gram_int=\count366
\l__siunitx_number_product_int=\count367
\c__siunitx_one_fill_skip=\skip66
\l__siunitx_table_unit_align_skip=\skip67
\l__siunitx_table_exponent_dim=\dimen344
\l__siunitx_table_integer_dim=\dimen345
\l__siunitx_table_mantissa_dim=\dimen346
\l__siunitx_table_marker_dim=\dimen347
\l__siunitx_table_result_dim=\dimen348
\l__siunitx_table_uncert_dim=\dimen349
\l__siunitx_table_fill_pre_dim=\dimen350
\l__siunitx_table_fill_post_dim=\dimen351
\l__siunitx_table_fill_mid_dim=\dimen352
\l__siunitx_table_pre_box=\box96
\l__siunitx_table_post_box=\box97
\l__siunitx_table_mantissa_box=\box98
\l__siunitx_table_result_box=\box99
\l__siunitx_table_number_align_skip=\skip68
\l__siunitx_table_text_align_skip=\skip69

("C:\Users\Ikarus\AppData\Local\Programs\MiKTeX 2.9\tex\latex\translator\transl
ator.sty"
Package: translator 2018/01/04 v1.12 Easy translation of strings in LaTeX
))
("C:\Users\Ikarus\AppData\Local\Programs\MiKTeX 2.9\tex\latex\glossaries\base\g
lossaries.sty"
Package: glossaries 2018/07/23 v4.41 (NLCT)

("C:\Users\Ikarus\AppData\Local\Programs\MiKTeX 2.9\tex\latex\xkeyval\xkeyval.s
ty"
Package: xkeyval 2014/12/03 v2.7a package option processing (HA)

("C:\Users\Ikarus\AppData\Local\Programs\MiKTeX 2.9\tex\generic\xkeyval\xkeyval
.tex"
("C:\Users\Ikarus\AppData\Local\Programs\MiKTeX 2.9\tex\generic\xkeyval\xkvutil
s.tex"
\XKV@toks=\toks53
\XKV@tempa@toks=\toks54
)
\XKV@depth=\count368
File: xkeyval.tex 2014/12/03 v2.7a key=value parser (HA)
))
("C:\Users\Ikarus\AppData\Local\Programs\MiKTeX 2.9\tex\latex\mfirstuc\mfirstuc
.sty"
Package: mfirstuc 2017/11/14 v2.06 (NLCT)
\@glsmfirst=\toks55
\@glsmrest=\toks56
)
("C:\Users\Ikarus\AppData\Local\Programs\MiKTeX 2.9\tex\latex\textcase\textcase
.sty"
Package: textcase 2004/10/07 v0.07 Text only upper/lower case changing (DPC)
)
("C:\Users\Ikarus\AppData\Local\Programs\MiKTeX 2.9\tex\latex\xfor\xfor.sty"
Package: xfor 2009/02/05 v1.05 (NLCT)
)
("C:\Users\Ikarus\AppData\Local\Programs\MiKTeX 2.9\tex\latex\datatool\datatool
-base.sty"
Package: datatool-base 2018/04/16 v2.30 (NLCT)

("C:\Users\Ikarus\AppData\Local\Programs\MiKTeX 2.9\tex\latex\substr\substr.sty
"
Package: substr 2009/10/20 v1.2 Handle substrings
\c@su@anzahl=\count369
)
("C:\Users\Ikarus\AppData\Local\Programs\MiKTeX 2.9\tex\latex\datatool\datatool
-fp.sty"
Package: datatool-fp 2018/04/16 v2.30 (NLCT)
)
\@dtl@toks=\toks57
\@dtl@tmpcount=\count370
\dtl@tmplength=\skip70
\dtl@sortresult=\count371
\@dtl@numgrpsepcount=\count372
\@dtl@datatype=\count373
\dtl@codeA=\count374
\dtl@codeB=\count375
\@dtl@foreach@level=\count376
)
("C:\Users\Ikarus\AppData\Local\Programs\MiKTeX 2.9\tex\latex\glossaries\base\g
lossaries-compatible-307.sty"
Package: glossaries-compatible-307 2018/07/23 v4.41 (NLCT)
)
("C:\Users\Ikarus\AppData\Local\Programs\MiKTeX 2.9\tex\latex\tracklang\trackla
ng.sty"
Package: tracklang 2018/05/13 v1.3.6 (NLCT) Track Languages

("C:\Users\Ikarus\AppData\Local\Programs\MiKTeX 2.9\tex\generic\tracklang\track
lang.tex"))
("C:\Users\Ikarus\AppData\Local\Programs\MiKTeX 2.9\tex\latex\glossaries-german
\glossaries-german.ldf"
File: glossaries-german.ldf 2014/11/23 v1.0
)
("C:\Users\Ikarus\AppData\Local\Programs\MiKTeX 2.9\tex\latex\glossaries-englis
h\glossaries-english.ldf"
File: glossaries-english.ldf 2014/11/23 v1.0
)
\gls@level=\count377
\@gls@tmpb=\toks58
\gls@tmplen=\skip71
\glskeylisttok=\toks59
\glslabeltok=\toks60
\glsshorttok=\toks61
\glslongtok=\toks62

("C:\Users\Ikarus\AppData\Local\Programs\MiKTeX 2.9\tex\latex\glossaries\styles
\glossary-hypernav.sty"
Package: glossary-hypernav 2018/07/23 v4.41 (NLCT)
)
("C:\Users\Ikarus\AppData\Local\Programs\MiKTeX 2.9\tex\latex\glossaries\styles
\glossary-list.sty"
Package: glossary-list 2018/07/23 v4.41 (NLCT)
\glslistdottedwidth=\skip72
)
("C:\Users\Ikarus\AppData\Local\Programs\MiKTeX 2.9\tex\latex\glossaries\styles
\glossary-long.sty"
Package: glossary-long 2018/07/23 v4.41 (NLCT)
\glsdescwidth=\skip73
\glspagelistwidth=\skip74
)
("C:\Users\Ikarus\AppData\Local\Programs\MiKTeX 2.9\tex\latex\glossaries\styles
\glossary-super.sty"
Package: glossary-super 2018/07/23 v4.41 (NLCT)

("C:\Users\Ikarus\AppData\Local\Programs\MiKTeX 2.9\tex\latex\supertabular\supe
rtabular.sty"
Package: supertabular 2004/02/20 v4.1e the supertabular environment
\c@tracingst=\count378
\ST@wd=\dimen353
\ST@rightskip=\skip75
\ST@leftskip=\skip76
\ST@parfillskip=\skip77
\ST@pageleft=\dimen354
\ST@headht=\dimen355
\ST@tailht=\dimen356
\ST@pagesofar=\dimen357
\ST@pboxht=\dimen358
\ST@lineht=\dimen359
\ST@stretchht=\dimen360
\ST@prevht=\dimen361
\ST@toadd=\dimen362
\ST@dimen=\dimen363
\ST@pbox=\box100
))
("C:\Users\Ikarus\AppData\Local\Programs\MiKTeX 2.9\tex\latex\glossaries\styles
\glossary-tree.sty"
Package: glossary-tree 2018/07/23 v4.41 (NLCT)
\glstreeindent=\skip78
))
("C:\Users\Ikarus\AppData\Local\Programs\MiKTeX 2.9\tex\latex\base\makeidx.sty"
Package: makeidx 2014/09/29 v1.0m Standard LaTeX package
)
("C:\Users\Ikarus\AppData\Local\Programs\MiKTeX 2.9\tex\latex\caption\subcaptio
n.sty"
Package: subcaption 2018/05/01 v1.1-162 Sub-captions (AR)
\c@subfigure=\count379
\c@subtable=\count380
)
("C:\Users\Ikarus\AppData\Local\Programs\MiKTeX 2.9\tex\latex\pdfpages\pdfpages
.sty"
Package: pdfpages 2017/10/31 v0.5l Insert pages of external PDF documents (AM)

("C:\Users\Ikarus\AppData\Local\Programs\MiKTeX 2.9\tex\latex\tools\calc.sty"
Package: calc 2017/05/25 v4.3 Infix arithmetic (KKT,FJ)
\calc@Acount=\count381
\calc@Bcount=\count382
\calc@Adimen=\dimen364
\calc@Bdimen=\dimen365
\calc@Askip=\skip79
\calc@Bskip=\skip80
LaTeX Info: Redefining \setlength on input line 80.
LaTeX Info: Redefining \addtolength on input line 81.
\calc@Ccount=\count383
\calc@Cskip=\skip81
)
("C:\Users\Ikarus\AppData\Local\Programs\MiKTeX 2.9\tex\latex\eso-pic\eso-pic.s
ty"
Package: eso-pic 2018/04/12 v2.0h eso-pic (RN)
)
\AM@pagewidth=\dimen366
\AM@pageheight=\dimen367

("C:\Users\Ikarus\AppData\Local\Programs\MiKTeX 2.9\tex\latex\pdfpages\pppdftex
.def"
File: pppdftex.def 2017/10/31 v0.5l Pdfpages driver for pdfTeX (AM)
)
\AM@pagebox=\box101
\AM@global@opts=\toks63
\AM@toc@title=\toks64
\c@AM@survey=\count384
\AM@templatesizebox=\box102
)
("C:\Users\Ikarus\AppData\Local\Programs\MiKTeX 2.9\tex\latex\listings\listings
.sty"
\lst@mode=\count385
\lst@gtempboxa=\box103
\lst@token=\toks65
\lst@length=\count386
\lst@currlwidth=\dimen368
\lst@column=\count387
\lst@pos=\count388
\lst@lostspace=\dimen369
\lst@width=\dimen370
\lst@newlines=\count389
\lst@lineno=\count390
\lst@maxwidth=\dimen371

("C:\Users\Ikarus\AppData\Local\Programs\MiKTeX 2.9\tex\latex\listings\lstmisc.
sty"
File: lstmisc.sty 2018/09/02 1.7 (Carsten Heinz)
\c@lstnumber=\count391
\lst@skipnumbers=\count392
\lst@framebox=\box104
)
("C:\Users\Ikarus\AppData\Local\Programs\MiKTeX 2.9\tex\latex\listings\listings
.cfg"
File: listings.cfg 2018/09/02 1.7 listings configuration
))
Package: listings 2018/09/02 1.7 (Carsten Heinz)

("C:\Users\Ikarus\AppData\Local\Programs\MiKTeX 2.9\tex\latex\listings\lstlang1
.sty"
File: lstlang1.sty 2018/09/02 1.7 listings language file
)
("C:\Users\Ikarus\AppData\Local\Programs\MiKTeX 2.9\tex\latex\printlen\printlen
.sty"
Package: printlen 2009/09/03 v1.1a print lengths with units
)
("C:\Users\Ikarus\AppData\Local\Programs\MiKTeX 2.9\tex\latex\tools\verbatim.st
y"
Package: verbatim 2014/10/28 v1.5q LaTeX2e package for verbatim enhancements
\every@verbatim=\toks66
\verbatim@line=\toks67
\verbatim@in@stream=\read5
)
("C:\Users\Ikarus\AppData\Local\Programs\MiKTeX 2.9\tex\latex\lipsum\lipsum.sty
"
Package: lipsum 2014/07/27 v1.3 150 paragraphs of Lorem Ipsum dummy text
\c@lips@count=\count393
)
("C:\Users\Ikarus\AppData\Local\Programs\MiKTeX 2.9\tex\latex\blindtext\blindte
xt.sty"
Package: blindtext 2012/01/06 V2.0 blindtext-Package

("C:\Users\Ikarus\AppData\Local\Programs\MiKTeX 2.9\tex\latex\tools\xspace.sty"
Package: xspace 2014/10/28 v1.13 Space after command names (DPC,MH)
)
\c@blindtext=\count394
\c@Blindtext=\count395
\c@blind@countparstart=\count396
\blind@countxx=\count397
\blindtext@numBlindtext=\count398
\blind@countyy=\count399
\c@blindlist=\count400
\c@blindlistlevel=\count401
\c@blindlist@level=\count402
\blind@listitem=\count403
\c@blind@listcount=\count404
\c@blind@levelcount=\count405
\blind@mathformula=\count406
\blind@Mathformula=\count407
\c@blind@randomcount=\count408
\c@blind@randommax=\count409
\c@blind@pangramcount=\count410
\c@blind@pangrammax=\count411
)
("C:\Users\Ikarus\AppData\Local\Programs\MiKTeX 2.9\tex\latex\eurosym\eurosym.s
ty"
Package: eurosym 1998/08/06 v1.1 European currency symbol ``Euro''
\@eurobox=\box105
)
("C:\Users\Ikarus\AppData\Local\Programs\MiKTeX 2.9\tex\latex\enumitem\enumitem
.sty"
Package: enumitem 2011/09/28 v3.5.2 Customized lists
\labelindent=\skip82
\enit@outerparindent=\dimen372
\enit@toks=\toks68
\enit@inbox=\box106
\enitdp@description=\count412
)
("C:\Users\Ikarus\AppData\Local\Programs\MiKTeX 2.9\tex\latex\cite\cite.sty"
LaTeX Info: Redefining \cite on input line 302.
LaTeX Info: Redefining \nocite on input line 332.
Package: cite 2015/02/27  v 5.5
)
("C:\Users\Ikarus\AppData\Local\Programs\MiKTeX 2.9\tex\latex\fancyhdr\fancyhdr
.sty"
Package: fancyhdr 2017/06/30 v3.9a Extensive control of page headers and footer
s
\f@nch@headwidth=\skip83
\f@nch@O@elh=\skip84
\f@nch@O@erh=\skip85
\f@nch@O@olh=\skip86
\f@nch@O@orh=\skip87
\f@nch@O@elf=\skip88
\f@nch@O@erf=\skip89
\f@nch@O@olf=\skip90
\f@nch@O@orf=\skip91
)

Package Fancyhdr Warning: \fancyhead's `E' option without twoside option is use
less on input line 161.


Package Fancyhdr Warning: \fancyhead's `E' option without twoside option is use
less on input line 162.


("C:\Users\Ikarus\AppData\Local\Programs\MiKTeX 2.9\tex\latex\tools\multicol.st
y"
Package: multicol 2018/04/20 v1.8s multicolumn formatting (FMi)
\c@tracingmulticols=\count413
\mult@box=\box107
\multicol@leftmargin=\dimen373
\c@unbalance=\count414
\c@collectmore=\count415
\doublecol@number=\count416
\multicoltolerance=\count417
\multicolpretolerance=\count418
\full@width=\dimen374
\page@free=\dimen375
\premulticols=\dimen376
\postmulticols=\dimen377
\multicolsep=\skip92
\multicolbaselineskip=\skip93
\partial@page=\box108
\last@line=\box109
\maxbalancingoverflow=\dimen378
\mult@rightbox=\box110
\mult@grightbox=\box111
\mult@gfirstbox=\box112
\mult@firstbox=\box113
\@tempa=\box114
\@tempa=\box115
\@tempa=\box116
\@tempa=\box117
\@tempa=\box118
\@tempa=\box119
\@tempa=\box120
\@tempa=\box121
\@tempa=\box122
\@tempa=\box123
\@tempa=\box124
\@tempa=\box125
\@tempa=\box126
\@tempa=\box127
\@tempa=\box128
\@tempa=\box129
\@tempa=\box130
\c@columnbadness=\count419
\c@finalcolumnbadness=\count420
\last@try=\dimen379
\multicolovershoot=\dimen380
\multicolundershoot=\dimen381
\mult@nat@firstbox=\box131
\colbreak@box=\box132
\mc@col@check@num=\count421
) (pkg/definitions.tex))
("C:\Users\Ikarus\AppData\Local\Programs\MiKTeX 2.9\tex\latex\filecontents\file
contents.sty"
Package: filecontents 2018/05/30 v1.4 Create an external file from within a LaT
eX document
) (pkg/pgf-pie.sty

LaTeX Warning: You have requested package `pkg/pgf-pie',
               but the package provides `pgf-pie'.

Package: pgf-pie 2011/10/02 v0.2 Some LaTeX macros for pie chart by using PGF/T
ikz package.

("C:\Users\Ikarus\AppData\Local\Programs\MiKTeX 2.9\tex\latex\carlisle\scalefnt
.sty")
\pgfpie@angleEnd=\skip94
\c@pgfpie@explodeLength=\count422
\c@pgfpie@colorLength=\count423
\c@pgfpie@sliceLength=\count424
)

LaTeX Warning: Unused global option(s):
    [a4,paper].

(mbd_04_heer_soukup.aux

LaTeX Warning: Label `fig:scheme' multiply defined.


LaTeX Warning: Label `fig:scheme' multiply defined.


LaTeX Warning: Label `fig:scheme' multiply defined.


LaTeX Warning: Label `fig:scheme' multiply defined.


LaTeX Warning: Label `fig:scheme' multiply defined.

)
\openout1 = `mbd_04_heer_soukup.aux'.

LaTeX Font Info:    Checking defaults for OML/cmm/m/it on input line 31.
LaTeX Font Info:    ... okay on input line 31.
LaTeX Font Info:    Checking defaults for T1/cmr/m/n on input line 31.
LaTeX Font Info:    ... okay on input line 31.
LaTeX Font Info:    Checking defaults for OT1/cmr/m/n on input line 31.
LaTeX Font Info:    ... okay on input line 31.
LaTeX Font Info:    Checking defaults for OMS/cmsy/m/n on input line 31.
LaTeX Font Info:    ... okay on input line 31.
LaTeX Font Info:    Checking defaults for OMX/cmex/m/n on input line 31.
LaTeX Font Info:    ... okay on input line 31.
LaTeX Font Info:    Checking defaults for U/cmr/m/n on input line 31.
LaTeX Font Info:    ... okay on input line 31.
LaTeX Font Info:    Checking defaults for TS1/cmr/m/n on input line 31.
LaTeX Font Info:    Try loading font information for TS1+cmr on input line 31.
 ("C:\Users\Ikarus\AppData\Local\Programs\MiKTeX 2.9\tex\latex\base\ts1cmr.fd"
File: ts1cmr.fd 2014/09/29 v2.5h Standard LaTeX font definitions
)
LaTeX Font Info:    ... okay on input line 31.
LaTeX Font Info:    Checking defaults for PD1/pdf/m/n on input line 31.
LaTeX Font Info:    ... okay on input line 31.
LaTeX Font Info:    Try loading font information for T1+lmr on input line 31.
 ("C:\Users\Ikarus\AppData\Local\Programs\MiKTeX 2.9\tex\latex\lm\t1lmr.fd"
File: t1lmr.fd 2009/10/30 v1.6 Font defs for Latin Modern
)
Package caption Info: Begin \AtBeginDocument code.
Package caption Info: float package is loaded.
Package caption Info: floatflt package is loaded.
Package caption Info: hyperref package is loaded.
Package caption Info: listings package is loaded.
Package caption Info: longtable package is loaded.

("C:\Users\Ikarus\AppData\Local\Programs\MiKTeX 2.9\tex\latex\caption\ltcaption
.sty"
Package: ltcaption 2018/08/26 v1.4-95 longtable captions (AR)
)
Package caption Info: sidecap package is loaded.
Package caption Info: supertabular package is loaded.
Package caption Info: End \AtBeginDocument code.

("C:\Users\Ikarus\AppData\Local\Programs\MiKTeX 2.9\tex\context\base\supp-pdf.m
kii"
[Loading MPS to PDF converter (version 2006.09.02).]
\scratchcounter=\count425
\scratchdimen=\dimen382
\scratchbox=\box133
\nofMPsegments=\count426
\nofMParguments=\count427
\everyMPshowfont=\toks69
\MPscratchCnt=\count428
\MPscratchDim=\dimen383
\MPnumerator=\count429
\makeMPintoPDFobject=\count430
\everyMPtoPDFconversion=\toks70
)
("C:\Users\Ikarus\AppData\Local\Programs\MiKTeX 2.9\tex\latex\oberdiek\epstopdf
-base.sty"
Package: epstopdf-base 2016/05/15 v2.6 Base part for package epstopdf

("C:\Users\Ikarus\AppData\Local\Programs\MiKTeX 2.9\tex\latex\oberdiek\grfext.s
ty"
Package: grfext 2016/05/16 v1.2 Manage graphics extensions (HO)
)
Package epstopdf-base Info: Redefining graphics rule for `.eps' on input line 4
38.
Package grfext Info: Graphics extension search list:
(grfext)             [.pdf,.png,.jpg,.mps,.jpeg,.jbig2,.jb2,.PDF,.PNG,.JPG,.JPE
G,.JBIG2,.JB2,.eps]
(grfext)             \AppendGraphicsExtensions on input line 456.
)
babelbib: Use citation-dependent languages in bibliography
babelbib: Set bibliography fall-back language to ngerman

("C:\Users\Ikarus\AppData\Local\Programs\MiKTeX 2.9\tex\latex\babelbib\english.
bdf"
File: english.bdf 2012/01/03 v1.31 babelbib: multilingual bibliographies (HH)

babelbib extension \bibsamerican added to \extrasamerican
babelbib extension \bibsenglish added to \extrasenglish
babelbib extension \btxifchangecaseon added to \extrasamerican
babelbib extension \btxifchangecaseon added to \extrasenglish
)
("C:\Users\Ikarus\AppData\Local\Programs\MiKTeX 2.9\tex\latex\babelbib\german.b
df"
File: german.bdf 2012/01/03 v1.31 babelbib: multilingual bibliographies (HH)

babelbib extension \bibsgerman added to \extrasgerman
babelbib extension \bibsngerman added to \extrasngerman
babelbib extension \btxifchangecaseoff added to \extrasgerman
babelbib extension \btxifchangecaseoff added to \extrasngerman
) ABD: EveryShipout initializing macros

Package pgfplots Warning: running in backwards compatibility mode (unsuitable t
ick labels; missing features). Consider writing \pgfplotsset{compat=1.16} into 
your preamble.
 on input line 31.

("C:\Users\Ikarus\AppData\Local\Programs\MiKTeX 2.9\tex\latex\ms\ragged2e.sty"
Package: ragged2e 2009/05/21 v2.1 ragged2e Package (MS)

("C:\Users\Ikarus\AppData\Local\Programs\MiKTeX 2.9\tex\latex\ms\everysel.sty"
Package: everysel 2011/10/28 v1.2 EverySelectfont Package (MS)

ABD: EverySelectfont initializing macros
LaTeX Info: Redefining \selectfont on input line 126.
)
\CenteringLeftskip=\skip95
\RaggedLeftLeftskip=\skip96
\RaggedRightLeftskip=\skip97
\CenteringRightskip=\skip98
\RaggedLeftRightskip=\skip99
\RaggedRightRightskip=\skip100
\CenteringParfillskip=\skip101
\RaggedLeftParfillskip=\skip102
\RaggedRightParfillskip=\skip103
\JustifyingParfillskip=\skip104
\CenteringParindent=\skip105
\RaggedLeftParindent=\skip106
\RaggedRightParindent=\skip107
\JustifyingParindent=\skip108
)
\AtBeginShipoutBox=\box134
Package hyperref Info: Link coloring ON on input line 31.

("C:\Users\Ikarus\AppData\Local\Programs\MiKTeX 2.9\tex\latex\hyperref\nameref.
sty"
Package: nameref 2016/05/21 v2.44 Cross-referencing by name of section

("C:\Users\Ikarus\AppData\Local\Programs\MiKTeX 2.9\tex\generic\oberdiek\gettit
lestring.sty"
Package: gettitlestring 2016/05/16 v1.5 Cleanup title references (HO)
)
\c@section@level=\count431
)
LaTeX Info: Redefining \ref on input line 31.
LaTeX Info: Redefining \pageref on input line 31.
LaTeX Info: Redefining \nameref on input line 31.
LaTeX Font Info:    Try loading font information for OT1+lmr on input line 31.

("C:\Users\Ikarus\AppData\Local\Programs\MiKTeX 2.9\tex\latex\lm\ot1lmr.fd"
File: ot1lmr.fd 2009/10/30 v1.6 Font defs for Latin Modern
)
LaTeX Font Info:    Try loading font information for OML+lmm on input line 31.

("C:\Users\Ikarus\AppData\Local\Programs\MiKTeX 2.9\tex\latex\lm\omllmm.fd"
File: omllmm.fd 2009/10/30 v1.6 Font defs for Latin Modern
)
LaTeX Font Info:    Try loading font information for OMS+lmsy on input line 31.


("C:\Users\Ikarus\AppData\Local\Programs\MiKTeX 2.9\tex\latex\lm\omslmsy.fd"
File: omslmsy.fd 2009/10/30 v1.6 Font defs for Latin Modern
)
LaTeX Font Info:    Try loading font information for OMX+lmex on input line 31.


("C:\Users\Ikarus\AppData\Local\Programs\MiKTeX 2.9\tex\latex\lm\omxlmex.fd"
File: omxlmex.fd 2009/10/30 v1.6 Font defs for Latin Modern
)
LaTeX Font Info:    External font `lmex10' loaded for size
(Font)              <12> on input line 31.
LaTeX Font Info:    External font `lmex10' loaded for size
(Font)              <8> on input line 31.
LaTeX Font Info:    External font `lmex10' loaded for size
(Font)              <6> on input line 31.
LaTeX Font Info:    Try loading font information for U+msa on input line 31.

("C:\Users\Ikarus\AppData\Local\Programs\MiKTeX 2.9\tex\latex\amsfonts\umsa.fd"
File: umsa.fd 2013/01/14 v3.01 AMS symbols A
)
LaTeX Font Info:    Try loading font information for U+msb on input line 31.
 ("C:\Users\Ikarus\AppData\Local\Programs\MiKTeX 2.9\tex\latex\amsfonts\umsb.fd
"
File: umsb.fd 2013/01/14 v3.01 AMS symbols B
)
Package xypdf Info: Line width: 0.39998pt on input line 31.

("C:\Users\Ikarus\AppData\Local\Programs\MiKTeX 2.9\tex\latex\translator\transl
ator-basic-dictionary-English.dict"
Dictionary: translator-basic-dictionary, Language: English 
)
("C:\Users\Ikarus\AppData\Local\Programs\MiKTeX 2.9\tex\latex\siunitx\siunitx-a
bbreviations.cfg"
File: siunitx-abbreviations.cfg 2017/11/26 v2.7k siunitx: Abbreviated units
)
\c@lstlisting=\count432
LaTeX Font Info:    Try loading font information for OT1+lmss on input line 31.


("C:\Users\Ikarus\AppData\Local\Programs\MiKTeX 2.9\tex\latex\lm\ot1lmss.fd"
File: ot1lmss.fd 2009/10/30 v1.6 Font defs for Latin Modern
)
LaTeX Font Info:    Try loading font information for OT1+lmtt on input line 31.


("C:\Users\Ikarus\AppData\Local\Programs\MiKTeX 2.9\tex\latex\lm\ot1lmtt.fd"
File: ot1lmtt.fd 2009/10/30 v1.6 Font defs for Latin Modern
)
(title/title.tex
LaTeX Font Info:    External font `lmex10' loaded for size
(Font)              <14.4> on input line 53.
LaTeX Font Info:    External font `lmex10' loaded for size
(Font)              <10> on input line 53.
LaTeX Font Info:    External font `lmex10' loaded for size
(Font)              <7> on input line 53.
 [1

{C:/Users/Ikarus/AppData/Local/MiKTeX/2.9/pdftex/config/pdftex.map}]) (mbd_04_h
eer_soukup.toc)
\tf@toc=\write7
\openout7 = `mbd_04_heer_soukup.toc'.

pdfTeX warning (ext4): destination with the same identifier (name{page.1}) has 
been already used, duplicate ignored
<to be read again> 
                   \relax 
l.39 	\clearpage
                 [1] (content/content.tex
LaTeX Font Info:    Try loading font information for TS1+lmr on input line 33.

("C:\Users\Ikarus\AppData\Local\Programs\MiKTeX 2.9\tex\latex\lm\ts1lmr.fd"
File: ts1lmr.fd 2009/10/30 v1.6 Font defs for Latin Modern
)
[2

]
<figures/stateflow.png, id=71, 1081.03876pt x 867.99281pt>
File: figures/stateflow.png Graphic file (type png)
<use figures/stateflow.png>
Package pdftex.def Info: figures/stateflow.png  used on input line 58.
(pdftex.def)             Requested size: 352.66617pt x 283.15388pt.
 [3]
Underfull \hbox (badness 10000) in paragraph at lines 64--89

 []


Underfull \hbox (badness 10000) in paragraph at lines 64--89

 []


Underfull \hbox (badness 10000) in paragraph at lines 64--89

 []


Underfull \hbox (badness 10000) in paragraph at lines 64--89

 []


Underfull \hbox (badness 10000) in paragraph at lines 64--89

 []


Underfull \hbox (badness 10000) in paragraph at lines 64--89

 []


Underfull \hbox (badness 10000) in paragraph at lines 64--89

 []


Underfull \hbox (badness 10000) in paragraph at lines 64--89

 []

[4 <./figures/stateflow.png>]
<figures/check_input.png, id=83, 1023.07219pt x 457.71pt>
File: figures/check_input.png Graphic file (type png)
<use figures/check_input.png>
Package pdftex.def Info: figures/check_input.png  used on input line 94.
(pdftex.def)             Requested size: 352.66617pt x 157.77742pt.
 [5 <./figures/check_input.png>]
<figures/testing_sim.png, id=89, 1067.48813pt x 424.58624pt>
File: figures/testing_sim.png Graphic file (type png)
<use figures/testing_sim.png>
Package pdftex.def Info: figures/testing_sim.png  used on input line 104.
(pdftex.def)             Requested size: 352.66617pt x 140.26938pt.
<figures/arduino_wiring.png, id=90, 473.51906pt x 221.32687pt>
File: figures/arduino_wiring.png Graphic file (type png)
<use figures/arduino_wiring.png>
Package pdftex.def Info: figures/arduino_wiring.png  used on input line 114.
(pdftex.def)             Requested size: 352.66617pt x 164.84311pt.
 [6 <./figures/testing_sim.png>]
<figures/arduino_implementation.png, id=97, 1589.1872pt x 637.63219pt>
File: figures/arduino_implementation.png Graphic file (type png)
<use figures/arduino_implementation.png>
Package pdftex.def Info: figures/arduino_implementation.png  used on input line
 121.
(pdftex.def)             Requested size: 352.66617pt x 141.4957pt.
<figures/simulink_settings.png, id=98, 1002.74625pt x 685.8122pt>
File: figures/simulink_settings.png Graphic file (type png)
<use figures/simulink_settings.png>
Package pdftex.def Info: figures/simulink_settings.png  used on input line 127.

(pdftex.def)             Requested size: 352.66617pt x 241.19943pt.
 [7 <./figures/arduino_wiring.png> <./figures/arduino_implementation.png>]) [8 
<./figures/simulink_settings.png>] (mbd_04_heer_soukup.lof)
\tf@lof=\write8
\openout8 = `mbd_04_heer_soukup.lof'.


[9

]
Package atveryend Info: Empty hook `BeforeClearDocument' on input line 90.
Package atveryend Info: Empty hook `AfterLastShipout' on input line 90.
 (mbd_04_heer_soukup.aux)
Package atveryend Info: Executing hook `AtVeryEndDocument' on input line 90.
Package atveryend Info: Empty hook `AtEndAfterFileList' on input line 90.


LaTeX Warning: There were multiply-defined labels.

 ) 
Here is how much of TeX's memory you used:
 62453 strings out of 492970
 1427671 string characters out of 3126150
 1912714 words of memory out of 3000000
 65271 multiletter control sequences out of 15000+200000
 626138 words of font info for 94 fonts, out of 3000000 for 9000
 1141 hyphenation exceptions out of 8191
 69i,12n,98p,3273b,885s stack positions out of 5000i,500n,10000p,200000b,50000s
pdfTeX warning (dest): name{section.4} has been referenced but does not exist
, replaced by a fixed one

pdfTeX warning (dest): name{subsection.3.6} has been referenced but does not ex
ist, replaced by a fixed one

pdfTeX warning (dest): name{subsection.3.5} has been referenced but does not ex
ist, replaced by a fixed one

pdfTeX warning (dest): name{subsection.3.4} has been referenced but does not ex
ist, replaced by a fixed one

pdfTeX warning (dest): name{subsection.3.3} has been referenced but does not ex
ist, replaced by a fixed one

pdfTeX warning (dest): name{subsection.3.2} has been referenced but does not ex
ist, replaced by a fixed one

pdfTeX warning (dest): name{subsection.3.1} has been referenced but does not ex
ist, replaced by a fixed one

pdfTeX warning (dest): name{section.3} has been referenced but does not exist, 
replaced by a fixed one

pdfTeX warning (dest): name{subsection.1.7} has been referenced but does not ex
ist, replaced by a fixed one

{C:/Users/Ikarus/AppData/Local/Programs/MiKTeX 2.9/fonts/enc/dvips/lm/lm-ec.enc
}{C:/Users/Ikarus/AppData/Local/Programs/MiKTeX 2.9/fonts/enc/dvips/lm/lm-ts1.e
nc}<C:/Users/Ikarus/AppData/Local/Programs/MiKTeX 2.9/fonts/type1/public/lm/lmb
x12.pfb><C:/Users/Ikarus/AppData/Local/Programs/MiKTeX 2.9/fonts/type1/public/l
m/lmbxi10.pfb><C:/Users/Ikarus/AppData/Local/Programs/MiKTeX 2.9/fonts/type1/pu
blic/lm/lmcsc10.pfb><C:/Users/Ikarus/AppData/Local/Programs/MiKTeX 2.9/fonts/ty
pe1/public/lm/lmr12.pfb><C:/Users/Ikarus/AppData/Local/Programs/MiKTeX 2.9/font
s/type1/public/lm/lmri10.pfb><C:/Users/Ikarus/AppData/Local/Programs/MiKTeX 2.9
/fonts/type1/public/lm/lmri12.pfb>
Output written on mbd_04_heer_soukup.pdf (10 pages, 551998 bytes).
PDF statistics:
 192 PDF objects out of 1000 (max. 8388607)
 43 named destinations out of 1000 (max. 500000)
 139 words of extra memory for PDF output out of 10000 (max. 10000000)

